<?xml version="1.0" ?>
<coverage version="7.11.3" timestamp="1764162755533" lines-valid="331" lines-covered="283" line-rate="0.855" branches-valid="116" branches-covered="75" branch-rate="0.6466" complexity="0">
	<!-- Generated by coverage.py: https://coverage.readthedocs.io/en/7.11.3 -->
	<!-- Based on https://raw.githubusercontent.com/cobertura/web/master/htdocs/xml/coverage-04.dtd -->
	<sources>
		<source>C:\Users\Dissertation\tri-objective-robust-xai-medimg</source>
	</sources>
	<packages>
		<package name="src.losses" line-rate="0.855" branch-rate="0.6466" complexity="0">
			<classes>
				<class name="tri_objective.py" filename="src/losses/tri_objective.py" complexity="0" line-rate="0.855" branch-rate="0.6466">
					<methods/>
					<lines>
						<line number="63" hits="1"/>
						<line number="65" hits="1"/>
						<line number="66" hits="1"/>
						<line number="67" hits="1"/>
						<line number="68" hits="1"/>
						<line number="70" hits="1"/>
						<line number="71" hits="1"/>
						<line number="72" hits="1"/>
						<line number="73" hits="1"/>
						<line number="75" hits="1"/>
						<line number="76" hits="1"/>
						<line number="77" hits="1"/>
						<line number="79" hits="1"/>
						<line number="87" hits="1"/>
						<line number="88" hits="1"/>
						<line number="151" hits="1"/>
						<line number="152" hits="1"/>
						<line number="155" hits="1"/>
						<line number="158" hits="1"/>
						<line number="161" hits="1"/>
						<line number="162" hits="1"/>
						<line number="163" hits="1"/>
						<line number="166" hits="1"/>
						<line number="167" hits="1"/>
						<line number="168" hits="1"/>
						<line number="171" hits="1"/>
						<line number="172" hits="1"/>
						<line number="175" hits="1"/>
						<line number="176" hits="1"/>
						<line number="178" hits="1"/>
						<line number="186" hits="1" branch="true" condition-coverage="100% (2/2)"/>
						<line number="187" hits="1"/>
						<line number="190" hits="1" branch="true" condition-coverage="100% (2/2)"/>
						<line number="191" hits="1"/>
						<line number="194" hits="1" branch="true" condition-coverage="100% (2/2)"/>
						<line number="195" hits="1"/>
						<line number="198" hits="1" branch="true" condition-coverage="100% (2/2)"/>
						<line number="199" hits="1"/>
						<line number="202" hits="1" branch="true" condition-coverage="100% (2/2)"/>
						<line number="203" hits="1"/>
						<line number="206" hits="1" branch="true" condition-coverage="100% (2/2)"/>
						<line number="207" hits="1"/>
						<line number="210" hits="1" branch="true" condition-coverage="100% (2/2)"/>
						<line number="211" hits="1"/>
						<line number="214" hits="1" branch="true" condition-coverage="50% (1/2)" missing-branches="215"/>
						<line number="215" hits="0"/>
						<line number="219" hits="1" branch="true" condition-coverage="50% (1/2)" missing-branches="220"/>
						<line number="220" hits="0"/>
						<line number="225" hits="1"/>
						<line number="234" hits="1"/>
						<line number="252" hits="1"/>
						<line number="253" hits="1"/>
						<line number="304" hits="1"/>
						<line number="305" hits="1"/>
						<line number="306" hits="1"/>
						<line number="307" hits="1"/>
						<line number="308" hits="1"/>
						<line number="309" hits="1"/>
						<line number="310" hits="1"/>
						<line number="311" hits="1"/>
						<line number="312" hits="1"/>
						<line number="313" hits="1"/>
						<line number="314" hits="1"/>
						<line number="315" hits="1"/>
						<line number="316" hits="1"/>
						<line number="317" hits="1"/>
						<line number="318" hits="1"/>
						<line number="319" hits="1"/>
						<line number="320" hits="1"/>
						<line number="322" hits="1"/>
						<line number="331" hits="1"/>
						<line number="351" hits="1"/>
						<line number="359" hits="1"/>
						<line number="365" hits="1" branch="true" condition-coverage="50% (1/2)" missing-branches="366"/>
						<line number="366" hits="0"/>
						<line number="370" hits="1" branch="true" condition-coverage="50% (1/2)" missing-branches="371"/>
						<line number="371" hits="0"/>
						<line number="383" hits="1"/>
						<line number="434" hits="1"/>
						<line number="457" hits="1"/>
						<line number="459" hits="1" branch="true" condition-coverage="100% (2/2)"/>
						<line number="460" hits="1"/>
						<line number="461" hits="1" branch="true" condition-coverage="100% (2/2)"/>
						<line number="462" hits="1"/>
						<line number="463" hits="1" branch="true" condition-coverage="100% (2/2)"/>
						<line number="464" hits="1"/>
						<line number="466" hits="1"/>
						<line number="467" hits="1"/>
						<line number="468" hits="1"/>
						<line number="469" hits="1"/>
						<line number="470" hits="1"/>
						<line number="472" hits="1"/>
						<line number="477" hits="1"/>
						<line number="504" hits="1" branch="true" condition-coverage="50% (1/2)" missing-branches="511"/>
						<line number="506" hits="1"/>
						<line number="511" hits="0"/>
						<line number="513" hits="1"/>
						<line number="516" hits="1" branch="true" condition-coverage="100% (2/2)"/>
						<line number="518" hits="1"/>
						<line number="521" hits="1"/>
						<line number="524" hits="1"/>
						<line number="531" hits="1"/>
						<line number="534" hits="1"/>
						<line number="537" hits="1"/>
						<line number="540" hits="1"/>
						<line number="543" hits="1"/>
						<line number="545" hits="1"/>
						<line number="547" hits="1"/>
						<line number="575" hits="1"/>
						<line number="578" hits="1"/>
						<line number="581" hits="1"/>
						<line number="582" hits="1"/>
						<line number="585" hits="1"/>
						<line number="588" hits="1"/>
						<line number="591" hits="1"/>
						<line number="595" hits="1"/>
						<line number="601" hits="1"/>
						<line number="609" hits="1"/>
						<line number="701" hits="1"/>
						<line number="733" hits="1"/>
						<line number="736" hits="1" branch="true" condition-coverage="50% (1/2)" missing-branches="737"/>
						<line number="737" hits="0"/>
						<line number="740" hits="1" branch="true" condition-coverage="50% (1/2)" missing-branches="741"/>
						<line number="741" hits="0"/>
						<line number="746" hits="1"/>
						<line number="747" hits="1"/>
						<line number="748" hits="1"/>
						<line number="749" hits="1"/>
						<line number="752" hits="1"/>
						<line number="759" hits="1"/>
						<line number="764" hits="1"/>
						<line number="773" hits="1" branch="true" condition-coverage="100% (2/2)"/>
						<line number="774" hits="1"/>
						<line number="783" hits="1"/>
						<line number="788" hits="1"/>
						<line number="789" hits="1"/>
						<line number="796" hits="1"/>
						<line number="798" hits="1"/>
						<line number="806" hits="1"/>
						<line number="857" hits="1"/>
						<line number="860" hits="1" branch="true" condition-coverage="50% (1/2)" missing-branches="865"/>
						<line number="861" hits="1"/>
						<line number="865" hits="1"/>
						<line number="868" hits="1"/>
						<line number="871" hits="1"/>
						<line number="874" hits="1" branch="true" condition-coverage="100% (2/2)"/>
						<line number="875" hits="1"/>
						<line number="880" hits="1"/>
						<line number="885" hits="1" branch="true" condition-coverage="100% (2/2)"/>
						<line number="889" hits="1"/>
						<line number="891" hits="1"/>
						<line number="894" hits="0" branch="true" condition-coverage="0% (0/2)" missing-branches="895,897"/>
						<line number="895" hits="0"/>
						<line number="897" hits="0"/>
						<line number="898" hits="0"/>
						<line number="899" hits="1"/>
						<line number="901" hits="1"/>
						<line number="905" hits="1"/>
						<line number="908" hits="1"/>
						<line number="911" hits="1"/>
						<line number="914" hits="1"/>
						<line number="917" hits="1"/>
						<line number="918" hits="1"/>
						<line number="919" hits="1"/>
						<line number="921" hits="1"/>
						<line number="926" hits="1" branch="true" condition-coverage="50% (1/2)" missing-branches="927"/>
						<line number="927" hits="0"/>
						<line number="930" hits="1" branch="true" condition-coverage="50% (1/2)" missing-branches="936"/>
						<line number="931" hits="1"/>
						<line number="936" hits="1"/>
						<line number="938" hits="1" branch="true" condition-coverage="100% (2/2)"/>
						<line number="939" hits="1"/>
						<line number="942" hits="1"/>
						<line number="944" hits="1" branch="true" condition-coverage="50% (1/2)" missing-branches="949"/>
						<line number="945" hits="1"/>
						<line number="946" hits="1"/>
						<line number="949" hits="0"/>
						<line number="950" hits="0"/>
						<line number="951" hits="0"/>
						<line number="956" hits="1"/>
						<line number="974" hits="1" branch="true" condition-coverage="50% (1/2)" missing-branches="984"/>
						<line number="975" hits="1"/>
						<line number="984" hits="1"/>
						<line number="986" hits="1"/>
						<line number="988" hits="1"/>
						<line number="1003" hits="1" branch="true" condition-coverage="50% (1/2)" missing-branches="1004"/>
						<line number="1004" hits="0"/>
						<line number="1007" hits="1" branch="true" condition-coverage="50% (1/2)" missing-branches="1008"/>
						<line number="1008" hits="0"/>
						<line number="1012" hits="1" branch="true" condition-coverage="100% (2/2)"/>
						<line number="1013" hits="1"/>
						<line number="1018" hits="1" branch="true" condition-coverage="50% (1/2)" missing-branches="1019"/>
						<line number="1019" hits="0"/>
						<line number="1024" hits="1" branch="true" condition-coverage="50% (1/2)" missing-branches="1025"/>
						<line number="1025" hits="0"/>
						<line number="1027" hits="1" branch="true" condition-coverage="50% (1/2)" missing-branches="1028"/>
						<line number="1028" hits="0"/>
						<line number="1031" hits="1" branch="true" condition-coverage="50% (1/2)" missing-branches="exit"/>
						<line number="1032" hits="1"/>
						<line number="1038" hits="1"/>
						<line number="1063" hits="1"/>
						<line number="1070" hits="1" branch="true" condition-coverage="100% (2/2)"/>
						<line number="1071" hits="1" branch="true" condition-coverage="50% (1/2)" missing-branches="1070"/>
						<line number="1072" hits="1" branch="true" condition-coverage="50% (1/2)" missing-branches="1073"/>
						<line number="1073" hits="0"/>
						<line number="1077" hits="1" branch="true" condition-coverage="50% (1/2)" missing-branches="1078"/>
						<line number="1078" hits="0"/>
						<line number="1083" hits="1"/>
						<line number="1097" hits="0"/>
						<line number="1103" hits="1"/>
						<line number="1111" hits="0"/>
						<line number="1113" hits="1"/>
						<line number="1121" hits="0"/>
						<line number="1123" hits="1"/>
						<line number="1128" hits="0"/>
						<line number="1129" hits="0"/>
						<line number="1137" hits="1"/>
						<line number="1250" hits="1"/>
						<line number="1263" hits="1"/>
						<line number="1278" hits="1"/>
						<line number="1333" hits="1" branch="true" condition-coverage="50% (1/2)" missing-branches="1336"/>
						<line number="1334" hits="1"/>
						<line number="1336" hits="1"/>
						<line number="1339" hits="1"/>
						<line number="1344" hits="1"/>
						<line number="1349" hits="1"/>
						<line number="1350" hits="1"/>
						<line number="1351" hits="1"/>
						<line number="1352" hits="1"/>
						<line number="1353" hits="0"/>
						<line number="1354" hits="0"/>
						<line number="1355" hits="0"/>
						<line number="1356" hits="0"/>
						<line number="1359" hits="1"/>
						<line number="1360" hits="1"/>
						<line number="1361" hits="1"/>
						<line number="1364" hits="1"/>
						<line number="1365" hits="1"/>
						<line number="1366" hits="1"/>
						<line number="1367" hits="0"/>
						<line number="1368" hits="0"/>
						<line number="1369" hits="0"/>
						<line number="1370" hits="0"/>
						<line number="1373" hits="1"/>
						<line number="1374" hits="1"/>
						<line number="1375" hits="1"/>
						<line number="1377" hits="1" branch="true" condition-coverage="100% (2/2)"/>
						<line number="1378" hits="1" branch="true" condition-coverage="50% (1/2)" missing-branches="1377"/>
						<line number="1379" hits="1"/>
						<line number="1380" hits="1"/>
						<line number="1381" hits="1" branch="true" condition-coverage="50% (1/2)" missing-branches="1382"/>
						<line number="1382" hits="0"/>
						<line number="1383" hits="0"/>
						<line number="1387" hits="0"/>
						<line number="1389" hits="1"/>
						<line number="1390" hits="1"/>
						<line number="1391" hits="1"/>
						<line number="1394" hits="1" branch="true" condition-coverage="50% (1/2)" missing-branches="1400"/>
						<line number="1395" hits="1"/>
						<line number="1396" hits="1"/>
						<line number="1400" hits="0"/>
						<line number="1401" hits="0"/>
						<line number="1404" hits="1"/>
						<line number="1405" hits="1" branch="true" condition-coverage="50% (1/2)" missing-branches="1410"/>
						<line number="1406" hits="1"/>
						<line number="1410" hits="0"/>
						<line number="1413" hits="1"/>
						<line number="1414" hits="1"/>
						<line number="1415" hits="1"/>
						<line number="1418" hits="1"/>
						<line number="1421" hits="1"/>
						<line number="1425" hits="1"/>
						<line number="1428" hits="1"/>
						<line number="1432" hits="1"/>
						<line number="1433" hits="1"/>
						<line number="1436" hits="1"/>
						<line number="1437" hits="1"/>
						<line number="1439" hits="1"/>
						<line number="1443" hits="1" branch="true" condition-coverage="50% (1/2)" missing-branches="1444"/>
						<line number="1444" hits="0"/>
						<line number="1445" hits="0" branch="true" condition-coverage="0% (0/2)" missing-branches="1446,1449"/>
						<line number="1446" hits="0" branch="true" condition-coverage="0% (0/2)" missing-branches="1445,1447"/>
						<line number="1447" hits="0"/>
						<line number="1449" hits="1"/>
						<line number="1452" hits="1"/>
						<line number="1515" hits="1" branch="true" condition-coverage="50% (1/2)" missing-branches="1518"/>
						<line number="1516" hits="1"/>
						<line number="1518" hits="1"/>
						<line number="1525" hits="1"/>
						<line number="1526" hits="1" branch="true" condition-coverage="100% (2/2)"/>
						<line number="1527" hits="1"/>
						<line number="1530" hits="1"/>
						<line number="1533" hits="1"/>
						<line number="1534" hits="1" branch="true" condition-coverage="50% (1/2)" missing-branches="1526"/>
						<line number="1535" hits="1"/>
						<line number="1537" hits="1"/>
						<line number="1540" hits="1" branch="true" condition-coverage="50% (1/2)" missing-branches="1541"/>
						<line number="1541" hits="0"/>
						<line number="1544" hits="1"/>
						<line number="1545" hits="1"/>
						<line number="1547" hits="1"/>
						<line number="1549" hits="1" branch="true" condition-coverage="100% (2/2)"/>
						<line number="1551" hits="1"/>
						<line number="1559" hits="1"/>
						<line number="1564" hits="1"/>
						<line number="1565" hits="1"/>
						<line number="1566" hits="1" branch="true" condition-coverage="50% (1/2)" missing-branches="1567"/>
						<line number="1567" hits="0"/>
						<line number="1568" hits="1"/>
						<line number="1569" hits="1"/>
						<line number="1572" hits="1" branch="true" condition-coverage="50% (1/2)" missing-branches="1549"/>
						<line number="1573" hits="1"/>
						<line number="1574" hits="1"/>
						<line number="1575" hits="1" branch="true" condition-coverage="50% (1/2)" missing-branches="1576"/>
						<line number="1576" hits="0"/>
						<line number="1577" hits="1"/>
						<line number="1578" hits="1"/>
						<line number="1581" hits="1"/>
						<line number="1584" hits="1"/>
						<line number="1586" hits="1"/>
						<line number="1587" hits="1"/>
						<line number="1594" hits="1" branch="true" condition-coverage="50% (1/2)" missing-branches="1612"/>
						<line number="1595" hits="1"/>
						<line number="1596" hits="1"/>
						<line number="1612" hits="1"/>
						<line number="1613" hits="1"/>
						<line number="1617" hits="1" branch="true" condition-coverage="50% (1/2)" missing-branches="1627"/>
						<line number="1618" hits="1"/>
						<line number="1622" hits="1"/>
						<line number="1627" hits="1"/>
						<line number="1634" hits="1"/>
					</lines>
				</class>
			</classes>
		</package>
	</packages>
</coverage>
