{"meta": {"format": 3, "version": "7.11.3", "timestamp": "2025-12-10T06:11:16.680618", "branch_coverage": true, "show_contexts": false}, "files": {"src\\__init__.py": {"executed_lines": [2, 4, 11, 16, 17, 25, 26, 27, 30, 32], "summary": {"covered_lines": 8, "num_statements": 8, "percent_covered": 100.0, "percent_covered_display": "100", "missing_lines": 0, "excluded_lines": 4, "num_branches": 0, "num_partial_branches": 0, "covered_branches": 0, "missing_branches": 0}, "missing_lines": [], "excluded_lines": [16, 17, 18, 19], "executed_branches": [], "missing_branches": [], "functions": {"": {"executed_lines": [2, 4, 11, 16, 17, 25, 26, 27, 30, 32], "summary": {"covered_lines": 8, "num_statements": 8, "percent_covered": 100.0, "percent_covered_display": "100", "missing_lines": 0, "excluded_lines": 4, "num_branches": 0, "num_partial_branches": 0, "covered_branches": 0, "missing_branches": 0}, "missing_lines": [], "excluded_lines": [16, 17, 18, 19], "executed_branches": [], "missing_branches": []}}, "classes": {"": {"executed_lines": [2, 4, 11, 16, 17, 25, 26, 27, 30, 32], "summary": {"covered_lines": 8, "num_statements": 8, "percent_covered": 100.0, "percent_covered_display": "100", "missing_lines": 0, "excluded_lines": 4, "num_branches": 0, "num_partial_branches": 0, "covered_branches": 0, "missing_branches": 0}, "missing_lines": [], "excluded_lines": [16, 17, 18, 19], "executed_branches": [], "missing_branches": []}}}, "src\\api\\__init__.py": {"executed_lines": [], "summary": {"covered_lines": 0, "num_statements": 2, "percent_covered": 0.0, "percent_covered_display": "0", "missing_lines": 2, "excluded_lines": 0, "num_branches": 0, "num_partial_branches": 0, "covered_branches": 0, "missing_branches": 0}, "missing_lines": [3, 5], "excluded_lines": [], "executed_branches": [], "missing_branches": [], "functions": {"": {"executed_lines": [], "summary": {"covered_lines": 0, "num_statements": 2, "percent_covered": 0.0, "percent_covered_display": "0", "missing_lines": 2, "excluded_lines": 0, "num_branches": 0, "num_partial_branches": 0, "covered_branches": 0, "missing_branches": 0}, "missing_lines": [3, 5], "excluded_lines": [], "executed_branches": [], "missing_branches": []}}, "classes": {"": {"executed_lines": [], "summary": {"covered_lines": 0, "num_statements": 2, "percent_covered": 0.0, "percent_covered_display": "0", "missing_lines": 2, "excluded_lines": 0, "num_branches": 0, "num_partial_branches": 0, "covered_branches": 0, "missing_branches": 0}, "missing_lines": [3, 5], "excluded_lines": [], "executed_branches": [], "missing_branches": []}}}, "src\\api\\main.py": {"executed_lines": [], "summary": {"covered_lines": 0, "num_statements": 163, "percent_covered": 0.0, "percent_covered_display": "0", "missing_lines": 163, "excluded_lines": 0, "num_branches": 24, "num_partial_branches": 0, "covered_branches": 0, "missing_branches": 24}, "missing_lines": [27, 29, 30, 31, 32, 34, 35, 36, 37, 38, 39, 40, 41, 44, 45, 48, 57, 66, 67, 75, 78, 79, 80, 83, 86, 90, 94, 98, 104, 107, 108, 109, 110, 111, 115, 116, 120, 124, 130, 133, 137, 143, 146, 152, 155, 156, 157, 158, 159, 167, 168, 174, 181, 182, 188, 189, 192, 195, 196, 197, 198, 199, 201, 203, 217, 218, 244, 245, 247, 249, 250, 251, 254, 255, 256, 257, 258, 260, 262, 263, 265, 266, 270, 271, 274, 275, 278, 279, 281, 289, 290, 292, 301, 313, 314, 315, 318, 319, 340, 341, 343, 345, 346, 347, 350, 351, 352, 353, 354, 356, 359, 360, 361, 362, 365, 366, 368, 370, 371, 372, 375, 376, 392, 395, 398, 400, 401, 403, 405, 406, 407, 415, 434, 436, 447, 455, 456, 464, 465, 466, 467, 468, 471, 472, 473, 474, 476, 478, 479, 480, 481, 482, 483, 485, 487, 488, 489, 492, 493, 495, 503, 504, 506], "excluded_lines": [], "executed_branches": [], "missing_branches": [[188, 189], [188, 192], [198, 199], [198, 201], [244, 245], [244, 247], [257, 258], [257, 260], [279, 281], [279, 289], [290, 292], [290, 301], [340, 341], [340, 343], [353, 354], [353, 356], [360, 361], [360, 368], [362, 360], [362, 365], [472, 473], [472, 485], [503, -1], [503, 504]], "functions": {"health_check": {"executed_lines": [], "summary": {"covered_lines": 0, "num_statements": 1, "percent_covered": 0.0, "percent_covered_display": "0", "missing_lines": 1, "excluded_lines": 0, "num_branches": 0, "num_partial_branches": 0, "covered_branches": 0, "missing_branches": 0}, "missing_lines": [174], "excluded_lines": [], "executed_branches": [], "missing_branches": []}, "get_model_info": {"executed_lines": [], "summary": {"covered_lines": 0, "num_statements": 10, "percent_covered": 0.0, "percent_covered_display": "0", "missing_lines": 10, "excluded_lines": 0, "num_branches": 4, "num_partial_branches": 0, "covered_branches": 0, "missing_branches": 4}, "missing_lines": [188, 189, 192, 195, 196, 197, 198, 199, 201, 203], "excluded_lines": [], "executed_branches": [], "missing_branches": [[188, 189], [188, 192], [198, 199], [198, 201]]}, "predict": {"executed_lines": [], "summary": {"covered_lines": 0, "num_statements": 30, "percent_covered": 0.0, "percent_covered_display": "0", "missing_lines": 30, "excluded_lines": 0, "num_branches": 8, "num_partial_branches": 0, "covered_branches": 0, "missing_branches": 8}, "missing_lines": [244, 245, 247, 249, 250, 251, 254, 255, 256, 257, 258, 260, 262, 263, 265, 266, 270, 271, 274, 275, 278, 279, 281, 289, 290, 292, 301, 313, 314, 315], "excluded_lines": [], "executed_branches": [], "missing_branches": [[244, 245], [244, 247], [257, 258], [257, 260], [279, 281], [279, 289], [290, 292], [290, 301]]}, "evaluate_robustness": {"executed_lines": [], "summary": {"covered_lines": 0, "num_statements": 22, "percent_covered": 0.0, "percent_covered_display": "0", "missing_lines": 22, "excluded_lines": 0, "num_branches": 8, "num_partial_branches": 0, "covered_branches": 0, "missing_branches": 8}, "missing_lines": [340, 341, 343, 345, 346, 347, 350, 351, 352, 353, 354, 356, 359, 360, 361, 362, 365, 366, 368, 370, 371, 372], "excluded_lines": [], "executed_branches": [], "missing_branches": [[340, 341], [340, 343], [353, 354], [353, 356], [360, 361], [360, 368], [362, 360], [362, 365]]}, "load_model": {"executed_lines": [], "summary": {"covered_lines": 0, "num_statements": 9, "percent_covered": 0.0, "percent_covered_display": "0", "missing_lines": 9, "excluded_lines": 0, "num_branches": 0, "num_partial_branches": 0, "covered_branches": 0, "missing_branches": 0}, "missing_lines": [392, 395, 398, 400, 401, 403, 405, 406, 407], "excluded_lines": [], "executed_branches": [], "missing_branches": []}, "preprocess_image": {"executed_lines": [], "summary": {"covered_lines": 0, "num_statements": 3, "percent_covered": 0.0, "percent_covered_display": "0", "missing_lines": 3, "excluded_lines": 0, "num_branches": 0, "num_partial_branches": 0, "covered_branches": 0, "missing_branches": 0}, "missing_lines": [434, 436, 447], "excluded_lines": [], "executed_branches": [], "missing_branches": []}, "startup_event": {"executed_lines": [], "summary": {"covered_lines": 0, "num_statements": 20, "percent_covered": 0.0, "percent_covered_display": "0", "missing_lines": 20, "excluded_lines": 0, "num_branches": 2, "num_partial_branches": 0, "covered_branches": 0, "missing_branches": 2}, "missing_lines": [464, 465, 466, 467, 468, 471, 472, 473, 474, 476, 478, 479, 480, 481, 482, 483, 485, 487, 488, 489], "excluded_lines": [], "executed_branches": [], "missing_branches": [[472, 473], [472, 485]]}, "shutdown_event": {"executed_lines": [], "summary": {"covered_lines": 0, "num_statements": 1, "percent_covered": 0.0, "percent_covered_display": "0", "missing_lines": 1, "excluded_lines": 0, "num_branches": 0, "num_partial_branches": 0, "covered_branches": 0, "missing_branches": 0}, "missing_lines": [495], "excluded_lines": [], "executed_branches": [], "missing_branches": []}, "": {"executed_lines": [], "summary": {"covered_lines": 0, "num_statements": 67, "percent_covered": 0.0, "percent_covered_display": "0", "missing_lines": 67, "excluded_lines": 0, "num_branches": 2, "num_partial_branches": 0, "covered_branches": 0, "missing_branches": 2}, "missing_lines": [27, 29, 30, 31, 32, 34, 35, 36, 37, 38, 39, 40, 41, 44, 45, 48, 57, 66, 67, 75, 78, 79, 80, 83, 86, 90, 94, 98, 104, 107, 108, 109, 110, 111, 115, 116, 120, 124, 130, 133, 137, 143, 146, 152, 155, 156, 157, 158, 159, 167, 168, 181, 182, 217, 218, 318, 319, 375, 376, 415, 455, 456, 492, 493, 503, 504, 506], "excluded_lines": [], "executed_branches": [], "missing_branches": [[503, -1], [503, 504]]}}, "classes": {"HealthResponse": {"executed_lines": [], "summary": {"covered_lines": 0, "num_statements": 0, "percent_covered": 100.0, "percent_covered_display": "100", "missing_lines": 0, "excluded_lines": 0, "num_branches": 0, "num_partial_branches": 0, "covered_branches": 0, "missing_branches": 0}, "missing_lines": [], "excluded_lines": [], "executed_branches": [], "missing_branches": []}, "PredictionRequest": {"executed_lines": [], "summary": {"covered_lines": 0, "num_statements": 0, "percent_covered": 100.0, "percent_covered_display": "100", "missing_lines": 0, "excluded_lines": 0, "num_branches": 0, "num_partial_branches": 0, "covered_branches": 0, "missing_branches": 0}, "missing_lines": [], "excluded_lines": [], "executed_branches": [], "missing_branches": []}, "PredictionResponse": {"executed_lines": [], "summary": {"covered_lines": 0, "num_statements": 0, "percent_covered": 100.0, "percent_covered_display": "100", "missing_lines": 0, "excluded_lines": 0, "num_branches": 0, "num_partial_branches": 0, "covered_branches": 0, "missing_branches": 0}, "missing_lines": [], "excluded_lines": [], "executed_branches": [], "missing_branches": []}, "RobustnessEvalRequest": {"executed_lines": [], "summary": {"covered_lines": 0, "num_statements": 0, "percent_covered": 100.0, "percent_covered_display": "100", "missing_lines": 0, "excluded_lines": 0, "num_branches": 0, "num_partial_branches": 0, "covered_branches": 0, "missing_branches": 0}, "missing_lines": [], "excluded_lines": [], "executed_branches": [], "missing_branches": []}, "RobustnessEvalResponse": {"executed_lines": [], "summary": {"covered_lines": 0, "num_statements": 0, "percent_covered": 100.0, "percent_covered_display": "100", "missing_lines": 0, "excluded_lines": 0, "num_branches": 0, "num_partial_branches": 0, "covered_branches": 0, "missing_branches": 0}, "missing_lines": [], "excluded_lines": [], "executed_branches": [], "missing_branches": []}, "ModelInfo": {"executed_lines": [], "summary": {"covered_lines": 0, "num_statements": 0, "percent_covered": 100.0, "percent_covered_display": "100", "missing_lines": 0, "excluded_lines": 0, "num_branches": 0, "num_partial_branches": 0, "covered_branches": 0, "missing_branches": 0}, "missing_lines": [], "excluded_lines": [], "executed_branches": [], "missing_branches": []}, "": {"executed_lines": [], "summary": {"covered_lines": 0, "num_statements": 163, "percent_covered": 0.0, "percent_covered_display": "0", "missing_lines": 163, "excluded_lines": 0, "num_branches": 24, "num_partial_branches": 0, "covered_branches": 0, "missing_branches": 24}, "missing_lines": [27, 29, 30, 31, 32, 34, 35, 36, 37, 38, 39, 40, 41, 44, 45, 48, 57, 66, 67, 75, 78, 79, 80, 83, 86, 90, 94, 98, 104, 107, 108, 109, 110, 111, 115, 116, 120, 124, 130, 133, 137, 143, 146, 152, 155, 156, 157, 158, 159, 167, 168, 174, 181, 182, 188, 189, 192, 195, 196, 197, 198, 199, 201, 203, 217, 218, 244, 245, 247, 249, 250, 251, 254, 255, 256, 257, 258, 260, 262, 263, 265, 266, 270, 271, 274, 275, 278, 279, 281, 289, 290, 292, 301, 313, 314, 315, 318, 319, 340, 341, 343, 345, 346, 347, 350, 351, 352, 353, 354, 356, 359, 360, 361, 362, 365, 366, 368, 370, 371, 372, 375, 376, 392, 395, 398, 400, 401, 403, 405, 406, 407, 415, 434, 436, 447, 455, 456, 464, 465, 466, 467, 468, 471, 472, 473, 474, 476, 478, 479, 480, 481, 482, 483, 485, 487, 488, 489, 492, 493, 495, 503, 504, 506], "excluded_lines": [], "executed_branches": [], "missing_branches": [[188, 189], [188, 192], [198, 199], [198, 201], [244, 245], [244, 247], [257, 258], [257, 260], [279, 281], [279, 289], [290, 292], [290, 301], [340, 341], [340, 343], [353, 354], [353, 356], [360, 361], [360, 368], [362, 360], [362, 365], [472, 473], [472, 485], [503, -1], [503, 504]]}}}, "src\\attacks\\__init__.py": {"executed_lines": [1, 37, 39, 42, 43, 46, 47, 49, 51], "summary": {"covered_lines": 8, "num_statements": 8, "percent_covered": 100.0, "percent_covered_display": "100", "missing_lines": 0, "excluded_lines": 0, "num_branches": 0, "num_partial_branches": 0, "covered_branches": 0, "missing_branches": 0}, "missing_lines": [], "excluded_lines": [], "executed_branches": [], "missing_branches": [], "functions": {"": {"executed_lines": [1, 37, 39, 42, 43, 46, 47, 49, 51], "summary": {"covered_lines": 8, "num_statements": 8, "percent_covered": 100.0, "percent_covered_display": "100", "missing_lines": 0, "excluded_lines": 0, "num_branches": 0, "num_partial_branches": 0, "covered_branches": 0, "missing_branches": 0}, "missing_lines": [], "excluded_lines": [], "executed_branches": [], "missing_branches": []}}, "classes": {"": {"executed_lines": [1, 37, 39, 42, 43, 46, 47, 49, 51], "summary": {"covered_lines": 8, "num_statements": 8, "percent_covered": 100.0, "percent_covered_display": "100", "missing_lines": 0, "excluded_lines": 0, "num_branches": 0, "num_partial_branches": 0, "covered_branches": 0, "missing_branches": 0}, "missing_lines": [], "excluded_lines": [], "executed_branches": [], "missing_branches": []}}}, "src\\attacks\\auto_attack.py": {"executed_lines": [1, 28, 30, 31, 32, 33, 35, 36, 38, 39, 41, 44, 45, 46, 55, 56, 57, 58, 60, 84, 85, 120, 134, 168, 288, 334], "summary": {"covered_lines": 23, "num_statements": 111, "percent_covered": 15.436241610738255, "percent_covered_display": "15", "missing_lines": 88, "excluded_lines": 0, "num_branches": 38, "num_partial_branches": 0, "covered_branches": 0, "missing_branches": 38}, "missing_lines": [62, 64, 65, 67, 68, 71, 72, 73, 74, 76, 78, 80, 81, 127, 128, 131, 132, 136, 138, 150, 152, 154, 166, 191, 192, 193, 196, 199, 202, 203, 204, 206, 207, 210, 212, 213, 218, 219, 220, 222, 223, 225, 227, 229, 230, 233, 234, 236, 239, 248, 251, 252, 253, 255, 256, 259, 260, 261, 263, 265, 266, 272, 273, 274, 276, 277, 278, 280, 281, 286, 297, 300, 308, 311, 314, 315, 316, 319, 320, 321, 324, 325, 327, 329, 331, 376, 384, 385], "excluded_lines": [], "executed_branches": [], "missing_branches": [[64, 65], [64, 67], [67, 68], [67, 71], [71, 72], [71, 80], [72, 73], [72, 78], [73, 74], [73, 76], [80, -60], [80, 81], [136, 138], [136, 152], [152, -134], [152, 154], [203, 204], [203, 206], [212, 213], [212, 218], [218, 219], [218, 272], [219, 220], [219, 222], [222, 223], [222, 225], [227, 229], [227, 263], [233, 234], [233, 236], [252, 253], [252, 255], [265, 218], [265, 266], [273, 274], [273, 276], [280, 281], [280, 286]], "functions": {"AutoAttackConfig.__post_init__": {"executed_lines": [], "summary": {"covered_lines": 0, "num_statements": 13, "percent_covered": 0.0, "percent_covered_display": "0", "missing_lines": 13, "excluded_lines": 0, "num_branches": 12, "num_partial_branches": 0, "covered_branches": 0, "missing_branches": 12}, "missing_lines": [62, 64, 65, 67, 68, 71, 72, 73, 74, 76, 78, 80, 81], "excluded_lines": [], "executed_branches": [], "missing_branches": [[64, 65], [64, 67], [67, 68], [67, 71], [71, 72], [71, 80], [72, 73], [72, 78], [73, 74], [73, 76], [80, -60], [80, 81]]}, "AutoAttack.__init__": {"executed_lines": [], "summary": {"covered_lines": 0, "num_statements": 4, "percent_covered": 0.0, "percent_covered_display": "0", "missing_lines": 4, "excluded_lines": 0, "num_branches": 0, "num_partial_branches": 0, "covered_branches": 0, "missing_branches": 0}, "missing_lines": [127, 128, 131, 132], "excluded_lines": [], "executed_branches": [], "missing_branches": []}, "AutoAttack._init_attacks": {"executed_lines": [], "summary": {"covered_lines": 0, "num_statements": 6, "percent_covered": 0.0, "percent_covered_display": "0", "missing_lines": 6, "excluded_lines": 0, "num_branches": 4, "num_partial_branches": 0, "covered_branches": 0, "missing_branches": 4}, "missing_lines": [136, 138, 150, 152, 154, 166], "excluded_lines": [], "executed_branches": [], "missing_branches": [[136, 138], [136, 152], [152, -134], [152, 154]]}, "AutoAttack.generate": {"executed_lines": [], "summary": {"covered_lines": 0, "num_statements": 47, "percent_covered": 0.0, "percent_covered_display": "0", "missing_lines": 47, "excluded_lines": 0, "num_branches": 22, "num_partial_branches": 0, "covered_branches": 0, "missing_branches": 22}, "missing_lines": [191, 192, 193, 196, 199, 202, 203, 204, 206, 207, 210, 212, 213, 218, 219, 220, 222, 223, 225, 227, 229, 230, 233, 234, 236, 239, 248, 251, 252, 253, 255, 256, 259, 260, 261, 263, 265, 266, 272, 273, 274, 276, 277, 278, 280, 281, 286], "excluded_lines": [], "executed_branches": [], "missing_branches": [[203, 204], [203, 206], [212, 213], [212, 218], [218, 219], [218, 272], [219, 220], [219, 222], [222, 223], [222, 225], [227, 229], [227, 263], [233, 234], [233, 236], [252, 253], [252, 255], [265, 218], [265, 266], [273, 274], [273, 276], [280, 281], [280, 286]]}, "AutoAttack._get_dlr_loss": {"executed_lines": [], "summary": {"covered_lines": 0, "num_statements": 3, "percent_covered": 0.0, "percent_covered_display": "0", "missing_lines": 3, "excluded_lines": 0, "num_branches": 0, "num_partial_branches": 0, "covered_branches": 0, "missing_branches": 0}, "missing_lines": [297, 300, 331], "excluded_lines": [], "executed_branches": [], "missing_branches": []}, "AutoAttack._get_dlr_loss.DLRLoss.forward": {"executed_lines": [], "summary": {"covered_lines": 0, "num_statements": 12, "percent_covered": 0.0, "percent_covered_display": "0", "missing_lines": 12, "excluded_lines": 0, "num_branches": 0, "num_partial_branches": 0, "covered_branches": 0, "missing_branches": 0}, "missing_lines": [308, 311, 314, 315, 316, 319, 320, 321, 324, 325, 327, 329], "excluded_lines": [], "executed_branches": [], "missing_branches": []}, "autoattack": {"executed_lines": [], "summary": {"covered_lines": 0, "num_statements": 3, "percent_covered": 0.0, "percent_covered_display": "0", "missing_lines": 3, "excluded_lines": 0, "num_branches": 0, "num_partial_branches": 0, "covered_branches": 0, "missing_branches": 0}, "missing_lines": [376, 384, 385], "excluded_lines": [], "executed_branches": [], "missing_branches": []}, "": {"executed_lines": [1, 28, 30, 31, 32, 33, 35, 36, 38, 39, 41, 44, 45, 46, 55, 56, 57, 58, 60, 84, 85, 120, 134, 168, 288, 334], "summary": {"covered_lines": 23, "num_statements": 23, "percent_covered": 100.0, "percent_covered_display": "100", "missing_lines": 0, "excluded_lines": 0, "num_branches": 0, "num_partial_branches": 0, "covered_branches": 0, "missing_branches": 0}, "missing_lines": [], "excluded_lines": [], "executed_branches": [], "missing_branches": []}}, "classes": {"AutoAttackConfig": {"executed_lines": [], "summary": {"covered_lines": 0, "num_statements": 13, "percent_covered": 0.0, "percent_covered_display": "0", "missing_lines": 13, "excluded_lines": 0, "num_branches": 12, "num_partial_branches": 0, "covered_branches": 0, "missing_branches": 12}, "missing_lines": [62, 64, 65, 67, 68, 71, 72, 73, 74, 76, 78, 80, 81], "excluded_lines": [], "executed_branches": [], "missing_branches": [[64, 65], [64, 67], [67, 68], [67, 71], [71, 72], [71, 80], [72, 73], [72, 78], [73, 74], [73, 76], [80, -60], [80, 81]]}, "AutoAttack": {"executed_lines": [], "summary": {"covered_lines": 0, "num_statements": 60, "percent_covered": 0.0, "percent_covered_display": "0", "missing_lines": 60, "excluded_lines": 0, "num_branches": 26, "num_partial_branches": 0, "covered_branches": 0, "missing_branches": 26}, "missing_lines": [127, 128, 131, 132, 136, 138, 150, 152, 154, 166, 191, 192, 193, 196, 199, 202, 203, 204, 206, 207, 210, 212, 213, 218, 219, 220, 222, 223, 225, 227, 229, 230, 233, 234, 236, 239, 248, 251, 252, 253, 255, 256, 259, 260, 261, 263, 265, 266, 272, 273, 274, 276, 277, 278, 280, 281, 286, 297, 300, 331], "excluded_lines": [], "executed_branches": [], "missing_branches": [[136, 138], [136, 152], [152, -134], [152, 154], [203, 204], [203, 206], [212, 213], [212, 218], [218, 219], [218, 272], [219, 220], [219, 222], [222, 223], [222, 225], [227, 229], [227, 263], [233, 234], [233, 236], [252, 253], [252, 255], [265, 218], [265, 266], [273, 274], [273, 276], [280, 281], [280, 286]]}, "AutoAttack._get_dlr_loss.DLRLoss": {"executed_lines": [], "summary": {"covered_lines": 0, "num_statements": 12, "percent_covered": 0.0, "percent_covered_display": "0", "missing_lines": 12, "excluded_lines": 0, "num_branches": 0, "num_partial_branches": 0, "covered_branches": 0, "missing_branches": 0}, "missing_lines": [308, 311, 314, 315, 316, 319, 320, 321, 324, 325, 327, 329], "excluded_lines": [], "executed_branches": [], "missing_branches": []}, "": {"executed_lines": [1, 28, 30, 31, 32, 33, 35, 36, 38, 39, 41, 44, 45, 46, 55, 56, 57, 58, 60, 84, 85, 120, 134, 168, 288, 334], "summary": {"covered_lines": 23, "num_statements": 26, "percent_covered": 88.46153846153847, "percent_covered_display": "88", "missing_lines": 3, "excluded_lines": 0, "num_branches": 0, "num_partial_branches": 0, "covered_branches": 0, "missing_branches": 0}, "missing_lines": [376, 384, 385], "excluded_lines": [], "executed_branches": [], "missing_branches": []}}}, "src\\attacks\\base.py": {"executed_lines": [1, 11, 13, 14, 15, 16, 17, 18, 20, 21, 22, 24, 27, 28, 29, 43, 44, 45, 46, 47, 48, 49, 50, 52, 63, 77, 78, 79, 94, 95, 96, 97, 98, 99, 100, 101, 102, 104, 105, 109, 110, 114, 115, 119, 131, 132, 139, 163, 164, 181, 284, 290, 303, 309, 310, 331, 332, 357, 358], "summary": {"covered_lines": 55, "num_statements": 143, "percent_covered": 31.791907514450866, "percent_covered_display": "32", "missing_lines": 88, "excluded_lines": 0, "num_branches": 30, "num_partial_branches": 0, "covered_branches": 0, "missing_branches": 30}, "missing_lines": [54, 55, 56, 57, 60, 61, 65, 107, 112, 117, 121, 147, 148, 149, 150, 153, 154, 155, 158, 160, 161, 179, 202, 203, 206, 207, 210, 211, 212, 213, 215, 218, 219, 221, 224, 225, 226, 229, 230, 231, 232, 234, 237, 239, 240, 241, 243, 246, 248, 249, 251, 254, 257, 258, 261, 262, 263, 266, 267, 269, 270, 280, 282, 288, 292, 293, 295, 305, 306, 307, 321, 323, 324, 326, 329, 352, 353, 354, 355, 378, 379, 380, 381, 382, 383, 384, 385, 386], "excluded_lines": [], "executed_branches": [], "missing_branches": [[54, 55], [54, 56], [56, 57], [56, 60], [60, -52], [60, 61], [160, -139], [160, 161], [212, 213], [212, 215], [218, 219], [218, 221], [231, 232], [231, 234], [237, 239], [237, 246], [240, 241], [240, 243], [249, 251], [249, 254], [266, 267], [266, 269], [269, 270], [269, 282], [292, 293], [292, 295], [321, 323], [321, 324], [324, 326], [324, 329]], "functions": {"AttackConfig.__post_init__": {"executed_lines": [], "summary": {"covered_lines": 0, "num_statements": 6, "percent_covered": 0.0, "percent_covered_display": "0", "missing_lines": 6, "excluded_lines": 0, "num_branches": 6, "num_partial_branches": 0, "covered_branches": 0, "missing_branches": 6}, "missing_lines": [54, 55, 56, 57, 60, 61], "excluded_lines": [], "executed_branches": [], "missing_branches": [[54, 55], [54, 56], [56, 57], [56, 60], [60, -52], [60, 61]]}, "AttackConfig.to_dict": {"executed_lines": [], "summary": {"covered_lines": 0, "num_statements": 1, "percent_covered": 0.0, "percent_covered_display": "0", "missing_lines": 1, "excluded_lines": 0, "num_branches": 0, "num_partial_branches": 0, "covered_branches": 0, "missing_branches": 0}, "missing_lines": [65], "excluded_lines": [], "executed_branches": [], "missing_branches": []}, "AttackResult.success_rate": {"executed_lines": [], "summary": {"covered_lines": 0, "num_statements": 1, "percent_covered": 0.0, "percent_covered_display": "0", "missing_lines": 1, "excluded_lines": 0, "num_branches": 0, "num_partial_branches": 0, "covered_branches": 0, "missing_branches": 0}, "missing_lines": [107], "excluded_lines": [], "executed_branches": [], "missing_branches": []}, "AttackResult.mean_l2": {"executed_lines": [], "summary": {"covered_lines": 0, "num_statements": 1, "percent_covered": 0.0, "percent_covered_display": "0", "missing_lines": 1, "excluded_lines": 0, "num_branches": 0, "num_partial_branches": 0, "covered_branches": 0, "missing_branches": 0}, "missing_lines": [112], "excluded_lines": [], "executed_branches": [], "missing_branches": []}, "AttackResult.mean_linf": {"executed_lines": [], "summary": {"covered_lines": 0, "num_statements": 1, "percent_covered": 0.0, "percent_covered_display": "0", "missing_lines": 1, "excluded_lines": 0, "num_branches": 0, "num_partial_branches": 0, "covered_branches": 0, "missing_branches": 0}, "missing_lines": [117], "excluded_lines": [], "executed_branches": [], "missing_branches": []}, "AttackResult.summary": {"executed_lines": [], "summary": {"covered_lines": 0, "num_statements": 1, "percent_covered": 0.0, "percent_covered_display": "0", "missing_lines": 1, "excluded_lines": 0, "num_branches": 0, "num_partial_branches": 0, "covered_branches": 0, "missing_branches": 0}, "missing_lines": [121], "excluded_lines": [], "executed_branches": [], "missing_branches": []}, "BaseAttack.__init__": {"executed_lines": [], "summary": {"covered_lines": 0, "num_statements": 10, "percent_covered": 0.0, "percent_covered_display": "0", "missing_lines": 10, "excluded_lines": 0, "num_branches": 2, "num_partial_branches": 0, "covered_branches": 0, "missing_branches": 2}, "missing_lines": [147, 148, 149, 150, 153, 154, 155, 158, 160, 161], "excluded_lines": [], "executed_branches": [], "missing_branches": [[160, -139], [160, 161]]}, "BaseAttack.generate": {"executed_lines": [], "summary": {"covered_lines": 0, "num_statements": 1, "percent_covered": 0.0, "percent_covered_display": "0", "missing_lines": 1, "excluded_lines": 0, "num_branches": 0, "num_partial_branches": 0, "covered_branches": 0, "missing_branches": 0}, "missing_lines": [179], "excluded_lines": [], "executed_branches": [], "missing_branches": []}, "BaseAttack.forward": {"executed_lines": [], "summary": {"covered_lines": 0, "num_statements": 41, "percent_covered": 0.0, "percent_covered_display": "0", "missing_lines": 41, "excluded_lines": 0, "num_branches": 16, "num_partial_branches": 0, "covered_branches": 0, "missing_branches": 16}, "missing_lines": [202, 203, 206, 207, 210, 211, 212, 213, 215, 218, 219, 221, 224, 225, 226, 229, 230, 231, 232, 234, 237, 239, 240, 241, 243, 246, 248, 249, 251, 254, 257, 258, 261, 262, 263, 266, 267, 269, 270, 280, 282], "excluded_lines": [], "executed_branches": [], "missing_branches": [[212, 213], [212, 215], [218, 219], [218, 221], [231, 232], [231, 234], [237, 239], [237, 246], [240, 241], [240, 243], [249, 251], [249, 254], [266, 267], [266, 269], [269, 270], [269, 282]]}, "BaseAttack.__call__": {"executed_lines": [], "summary": {"covered_lines": 0, "num_statements": 1, "percent_covered": 0.0, "percent_covered_display": "0", "missing_lines": 1, "excluded_lines": 0, "num_branches": 0, "num_partial_branches": 0, "covered_branches": 0, "missing_branches": 0}, "missing_lines": [288], "excluded_lines": [], "executed_branches": [], "missing_branches": []}, "BaseAttack.get_statistics": {"executed_lines": [], "summary": {"covered_lines": 0, "num_statements": 3, "percent_covered": 0.0, "percent_covered_display": "0", "missing_lines": 3, "excluded_lines": 0, "num_branches": 2, "num_partial_branches": 0, "covered_branches": 0, "missing_branches": 2}, "missing_lines": [292, 293, 295], "excluded_lines": [], "executed_branches": [], "missing_branches": [[292, 293], [292, 295]]}, "BaseAttack.reset_statistics": {"executed_lines": [], "summary": {"covered_lines": 0, "num_statements": 3, "percent_covered": 0.0, "percent_covered_display": "0", "missing_lines": 3, "excluded_lines": 0, "num_branches": 0, "num_partial_branches": 0, "covered_branches": 0, "missing_branches": 0}, "missing_lines": [305, 306, 307], "excluded_lines": [], "executed_branches": [], "missing_branches": []}, "BaseAttack._infer_loss_fn": {"executed_lines": [], "summary": {"covered_lines": 0, "num_statements": 5, "percent_covered": 0.0, "percent_covered_display": "0", "missing_lines": 5, "excluded_lines": 0, "num_branches": 4, "num_partial_branches": 0, "covered_branches": 0, "missing_branches": 4}, "missing_lines": [321, 323, 324, 326, 329], "excluded_lines": [], "executed_branches": [], "missing_branches": [[321, 323], [321, 324], [324, 326], [324, 329]]}, "BaseAttack.project_linf": {"executed_lines": [], "summary": {"covered_lines": 0, "num_statements": 4, "percent_covered": 0.0, "percent_covered_display": "0", "missing_lines": 4, "excluded_lines": 0, "num_branches": 0, "num_partial_branches": 0, "covered_branches": 0, "missing_branches": 0}, "missing_lines": [352, 353, 354, 355], "excluded_lines": [], "executed_branches": [], "missing_branches": []}, "BaseAttack.project_l2": {"executed_lines": [], "summary": {"covered_lines": 0, "num_statements": 9, "percent_covered": 0.0, "percent_covered_display": "0", "missing_lines": 9, "excluded_lines": 0, "num_branches": 0, "num_partial_branches": 0, "covered_branches": 0, "missing_branches": 0}, "missing_lines": [378, 379, 380, 381, 382, 383, 384, 385, 386], "excluded_lines": [], "executed_branches": [], "missing_branches": []}, "": {"executed_lines": [1, 11, 13, 14, 15, 16, 17, 18, 20, 21, 22, 24, 27, 28, 29, 43, 44, 45, 46, 47, 48, 49, 50, 52, 63, 77, 78, 79, 94, 95, 96, 97, 98, 99, 100, 101, 102, 104, 105, 109, 110, 114, 115, 119, 131, 132, 139, 163, 164, 181, 284, 290, 303, 309, 310, 331, 332, 357, 358], "summary": {"covered_lines": 55, "num_statements": 55, "percent_covered": 100.0, "percent_covered_display": "100", "missing_lines": 0, "excluded_lines": 0, "num_branches": 0, "num_partial_branches": 0, "covered_branches": 0, "missing_branches": 0}, "missing_lines": [], "excluded_lines": [], "executed_branches": [], "missing_branches": []}}, "classes": {"AttackConfig": {"executed_lines": [], "summary": {"covered_lines": 0, "num_statements": 7, "percent_covered": 0.0, "percent_covered_display": "0", "missing_lines": 7, "excluded_lines": 0, "num_branches": 6, "num_partial_branches": 0, "covered_branches": 0, "missing_branches": 6}, "missing_lines": [54, 55, 56, 57, 60, 61, 65], "excluded_lines": [], "executed_branches": [], "missing_branches": [[54, 55], [54, 56], [56, 57], [56, 60], [60, -52], [60, 61]]}, "AttackResult": {"executed_lines": [], "summary": {"covered_lines": 0, "num_statements": 4, "percent_covered": 0.0, "percent_covered_display": "0", "missing_lines": 4, "excluded_lines": 0, "num_branches": 0, "num_partial_branches": 0, "covered_branches": 0, "missing_branches": 0}, "missing_lines": [107, 112, 117, 121], "excluded_lines": [], "executed_branches": [], "missing_branches": []}, "BaseAttack": {"executed_lines": [], "summary": {"covered_lines": 0, "num_statements": 77, "percent_covered": 0.0, "percent_covered_display": "0", "missing_lines": 77, "excluded_lines": 0, "num_branches": 24, "num_partial_branches": 0, "covered_branches": 0, "missing_branches": 24}, "missing_lines": [147, 148, 149, 150, 153, 154, 155, 158, 160, 161, 179, 202, 203, 206, 207, 210, 211, 212, 213, 215, 218, 219, 221, 224, 225, 226, 229, 230, 231, 232, 234, 237, 239, 240, 241, 243, 246, 248, 249, 251, 254, 257, 258, 261, 262, 263, 266, 267, 269, 270, 280, 282, 288, 292, 293, 295, 305, 306, 307, 321, 323, 324, 326, 329, 352, 353, 354, 355, 378, 379, 380, 381, 382, 383, 384, 385, 386], "excluded_lines": [], "executed_branches": [], "missing_branches": [[160, -139], [160, 161], [212, 213], [212, 215], [218, 219], [218, 221], [231, 232], [231, 234], [237, 239], [237, 246], [240, 241], [240, 243], [249, 251], [249, 254], [266, 267], [266, 269], [269, 270], [269, 282], [292, 293], [292, 295], [321, 323], [321, 324], [324, 326], [324, 329]]}, "": {"executed_lines": [1, 11, 13, 14, 15, 16, 17, 18, 20, 21, 22, 24, 27, 28, 29, 43, 44, 45, 46, 47, 48, 49, 50, 52, 63, 77, 78, 79, 94, 95, 96, 97, 98, 99, 100, 101, 102, 104, 105, 109, 110, 114, 115, 119, 131, 132, 139, 163, 164, 181, 284, 290, 303, 309, 310, 331, 332, 357, 358], "summary": {"covered_lines": 55, "num_statements": 55, "percent_covered": 100.0, "percent_covered_display": "100", "missing_lines": 0, "excluded_lines": 0, "num_branches": 0, "num_partial_branches": 0, "covered_branches": 0, "missing_branches": 0}, "missing_lines": [], "excluded_lines": [], "executed_branches": [], "missing_branches": []}}}, "src\\attacks\\cw.py": {"executed_lines": [1, 32, 34, 35, 36, 38, 39, 40, 42, 44, 47, 48, 49, 60, 61, 62, 63, 64, 65, 67, 85, 86, 120, 130, 262, 309], "summary": {"covered_lines": 23, "num_statements": 108, "percent_covered": 16.428571428571427, "percent_covered_display": "16", "missing_lines": 85, "excluded_lines": 0, "num_branches": 32, "num_partial_branches": 0, "covered_branches": 0, "missing_branches": 32}, "missing_lines": [69, 71, 72, 73, 74, 75, 76, 77, 78, 81, 82, 127, 128, 151, 152, 153, 156, 157, 160, 161, 162, 167, 168, 169, 172, 174, 177, 180, 181, 184, 185, 188, 189, 190, 193, 194, 196, 199, 202, 205, 206, 209, 210, 213, 214, 215, 216, 218, 221, 222, 223, 226, 227, 228, 229, 230, 231, 234, 235, 236, 238, 240, 241, 242, 244, 247, 248, 251, 252, 254, 255, 260, 280, 283, 284, 287, 290, 291, 293, 295, 301, 306, 354, 365, 366], "excluded_lines": [], "executed_branches": [], "missing_branches": [[71, 72], [71, 73], [73, 74], [73, 75], [75, 76], [75, 77], [77, 78], [77, 81], [81, -67], [81, 82], [172, 174], [172, 260], [184, 185], [184, 234], [193, 194], [193, 196], [215, 216], [215, 218], [226, 184], [226, 227], [227, 228], [227, 231], [228, 229], [228, 230], [235, 236], [235, 238], [241, 242], [241, 244], [254, 172], [254, 255], [293, 295], [293, 301]], "functions": {"CWConfig.__post_init__": {"executed_lines": [], "summary": {"covered_lines": 0, "num_statements": 11, "percent_covered": 0.0, "percent_covered_display": "0", "missing_lines": 11, "excluded_lines": 0, "num_branches": 10, "num_partial_branches": 0, "covered_branches": 0, "missing_branches": 10}, "missing_lines": [69, 71, 72, 73, 74, 75, 76, 77, 78, 81, 82], "excluded_lines": [], "executed_branches": [], "missing_branches": [[71, 72], [71, 73], [73, 74], [73, 75], [75, 76], [75, 77], [77, 78], [77, 81], [81, -67], [81, 82]]}, "CarliniWagner.__init__": {"executed_lines": [], "summary": {"covered_lines": 0, "num_statements": 2, "percent_covered": 0.0, "percent_covered_display": "0", "missing_lines": 2, "excluded_lines": 0, "num_branches": 0, "num_partial_branches": 0, "covered_branches": 0, "missing_branches": 0}, "missing_lines": [127, 128], "excluded_lines": [], "executed_branches": [], "missing_branches": []}, "CarliniWagner.generate": {"executed_lines": [], "summary": {"covered_lines": 0, "num_statements": 59, "percent_covered": 0.0, "percent_covered_display": "0", "missing_lines": 59, "excluded_lines": 0, "num_branches": 20, "num_partial_branches": 0, "covered_branches": 0, "missing_branches": 20}, "missing_lines": [151, 152, 153, 156, 157, 160, 161, 162, 167, 168, 169, 172, 174, 177, 180, 181, 184, 185, 188, 189, 190, 193, 194, 196, 199, 202, 205, 206, 209, 210, 213, 214, 215, 216, 218, 221, 222, 223, 226, 227, 228, 229, 230, 231, 234, 235, 236, 238, 240, 241, 242, 244, 247, 248, 251, 252, 254, 255, 260], "excluded_lines": [], "executed_branches": [], "missing_branches": [[172, 174], [172, 260], [184, 185], [184, 234], [193, 194], [193, 196], [215, 216], [215, 218], [226, 184], [226, 227], [227, 228], [227, 231], [228, 229], [228, 230], [235, 236], [235, 238], [241, 242], [241, 244], [254, 172], [254, 255]]}, "CarliniWagner._logit_objective": {"executed_lines": [], "summary": {"covered_lines": 0, "num_statements": 10, "percent_covered": 0.0, "percent_covered_display": "0", "missing_lines": 10, "excluded_lines": 0, "num_branches": 2, "num_partial_branches": 0, "covered_branches": 0, "missing_branches": 2}, "missing_lines": [280, 283, 284, 287, 290, 291, 293, 295, 301, 306], "excluded_lines": [], "executed_branches": [], "missing_branches": [[293, 295], [293, 301]]}, "cw_attack": {"executed_lines": [], "summary": {"covered_lines": 0, "num_statements": 3, "percent_covered": 0.0, "percent_covered_display": "0", "missing_lines": 3, "excluded_lines": 0, "num_branches": 0, "num_partial_branches": 0, "covered_branches": 0, "missing_branches": 0}, "missing_lines": [354, 365, 366], "excluded_lines": [], "executed_branches": [], "missing_branches": []}, "": {"executed_lines": [1, 32, 34, 35, 36, 38, 39, 40, 42, 44, 47, 48, 49, 60, 61, 62, 63, 64, 65, 67, 85, 86, 120, 130, 262, 309], "summary": {"covered_lines": 23, "num_statements": 23, "percent_covered": 100.0, "percent_covered_display": "100", "missing_lines": 0, "excluded_lines": 0, "num_branches": 0, "num_partial_branches": 0, "covered_branches": 0, "missing_branches": 0}, "missing_lines": [], "excluded_lines": [], "executed_branches": [], "missing_branches": []}}, "classes": {"CWConfig": {"executed_lines": [], "summary": {"covered_lines": 0, "num_statements": 11, "percent_covered": 0.0, "percent_covered_display": "0", "missing_lines": 11, "excluded_lines": 0, "num_branches": 10, "num_partial_branches": 0, "covered_branches": 0, "missing_branches": 10}, "missing_lines": [69, 71, 72, 73, 74, 75, 76, 77, 78, 81, 82], "excluded_lines": [], "executed_branches": [], "missing_branches": [[71, 72], [71, 73], [73, 74], [73, 75], [75, 76], [75, 77], [77, 78], [77, 81], [81, -67], [81, 82]]}, "CarliniWagner": {"executed_lines": [], "summary": {"covered_lines": 0, "num_statements": 71, "percent_covered": 0.0, "percent_covered_display": "0", "missing_lines": 71, "excluded_lines": 0, "num_branches": 22, "num_partial_branches": 0, "covered_branches": 0, "missing_branches": 22}, "missing_lines": [127, 128, 151, 152, 153, 156, 157, 160, 161, 162, 167, 168, 169, 172, 174, 177, 180, 181, 184, 185, 188, 189, 190, 193, 194, 196, 199, 202, 205, 206, 209, 210, 213, 214, 215, 216, 218, 221, 222, 223, 226, 227, 228, 229, 230, 231, 234, 235, 236, 238, 240, 241, 242, 244, 247, 248, 251, 252, 254, 255, 260, 280, 283, 284, 287, 290, 291, 293, 295, 301, 306], "excluded_lines": [], "executed_branches": [], "missing_branches": [[172, 174], [172, 260], [184, 185], [184, 234], [193, 194], [193, 196], [215, 216], [215, 218], [226, 184], [226, 227], [227, 228], [227, 231], [228, 229], [228, 230], [235, 236], [235, 238], [241, 242], [241, 244], [254, 172], [254, 255], [293, 295], [293, 301]]}, "": {"executed_lines": [1, 32, 34, 35, 36, 38, 39, 40, 42, 44, 47, 48, 49, 60, 61, 62, 63, 64, 65, 67, 85, 86, 120, 130, 262, 309], "summary": {"covered_lines": 23, "num_statements": 26, "percent_covered": 88.46153846153847, "percent_covered_display": "88", "missing_lines": 3, "excluded_lines": 0, "num_branches": 0, "num_partial_branches": 0, "covered_branches": 0, "missing_branches": 0}, "missing_lines": [354, 365, 366], "excluded_lines": [], "executed_branches": [], "missing_branches": []}}}, "src\\attacks\\fgsm.py": {"executed_lines": [1, 28, 30, 31, 32, 34, 35, 37, 39, 42, 43, 44, 50, 53, 54, 78, 88, 155], "summary": {"covered_lines": 15, "num_statements": 39, "percent_covered": 31.914893617021278, "percent_covered_display": "32", "missing_lines": 24, "excluded_lines": 0, "num_branches": 8, "num_partial_branches": 0, "covered_branches": 0, "missing_branches": 8}, "missing_lines": [85, 86, 109, 110, 112, 113, 116, 119, 120, 122, 125, 126, 129, 132, 133, 136, 137, 140, 143, 146, 152, 199, 207, 208], "excluded_lines": [], "executed_branches": [], "missing_branches": [[109, 110], [109, 112], [119, 120], [119, 122], [125, 126], [125, 129], [132, 133], [132, 136]], "functions": {"FGSM.__init__": {"executed_lines": [], "summary": {"covered_lines": 0, "num_statements": 2, "percent_covered": 0.0, "percent_covered_display": "0", "missing_lines": 2, "excluded_lines": 0, "num_branches": 0, "num_partial_branches": 0, "covered_branches": 0, "missing_branches": 0}, "missing_lines": [85, 86], "excluded_lines": [], "executed_branches": [], "missing_branches": []}, "FGSM.generate": {"executed_lines": [], "summary": {"covered_lines": 0, "num_statements": 19, "percent_covered": 0.0, "percent_covered_display": "0", "missing_lines": 19, "excluded_lines": 0, "num_branches": 8, "num_partial_branches": 0, "covered_branches": 0, "missing_branches": 8}, "missing_lines": [109, 110, 112, 113, 116, 119, 120, 122, 125, 126, 129, 132, 133, 136, 137, 140, 143, 146, 152], "excluded_lines": [], "executed_branches": [], "missing_branches": [[109, 110], [109, 112], [119, 120], [119, 122], [125, 126], [125, 129], [132, 133], [132, 136]]}, "fgsm_attack": {"executed_lines": [], "summary": {"covered_lines": 0, "num_statements": 3, "percent_covered": 0.0, "percent_covered_display": "0", "missing_lines": 3, "excluded_lines": 0, "num_branches": 0, "num_partial_branches": 0, "covered_branches": 0, "missing_branches": 0}, "missing_lines": [199, 207, 208], "excluded_lines": [], "executed_branches": [], "missing_branches": []}, "": {"executed_lines": [1, 28, 30, 31, 32, 34, 35, 37, 39, 42, 43, 44, 50, 53, 54, 78, 88, 155], "summary": {"covered_lines": 15, "num_statements": 15, "percent_covered": 100.0, "percent_covered_display": "100", "missing_lines": 0, "excluded_lines": 0, "num_branches": 0, "num_partial_branches": 0, "covered_branches": 0, "missing_branches": 0}, "missing_lines": [], "excluded_lines": [], "executed_branches": [], "missing_branches": []}}, "classes": {"FGSMConfig": {"executed_lines": [], "summary": {"covered_lines": 0, "num_statements": 0, "percent_covered": 100.0, "percent_covered_display": "100", "missing_lines": 0, "excluded_lines": 0, "num_branches": 0, "num_partial_branches": 0, "covered_branches": 0, "missing_branches": 0}, "missing_lines": [], "excluded_lines": [], "executed_branches": [], "missing_branches": []}, "FGSM": {"executed_lines": [], "summary": {"covered_lines": 0, "num_statements": 21, "percent_covered": 0.0, "percent_covered_display": "0", "missing_lines": 21, "excluded_lines": 0, "num_branches": 8, "num_partial_branches": 0, "covered_branches": 0, "missing_branches": 8}, "missing_lines": [85, 86, 109, 110, 112, 113, 116, 119, 120, 122, 125, 126, 129, 132, 133, 136, 137, 140, 143, 146, 152], "excluded_lines": [], "executed_branches": [], "missing_branches": [[109, 110], [109, 112], [119, 120], [119, 122], [125, 126], [125, 129], [132, 133], [132, 136]]}, "": {"executed_lines": [1, 28, 30, 31, 32, 34, 35, 37, 39, 42, 43, 44, 50, 53, 54, 78, 88, 155], "summary": {"covered_lines": 15, "num_statements": 18, "percent_covered": 83.33333333333333, "percent_covered_display": "83", "missing_lines": 3, "excluded_lines": 0, "num_branches": 0, "num_partial_branches": 0, "covered_branches": 0, "missing_branches": 0}, "missing_lines": [199, 207, 208], "excluded_lines": [], "executed_branches": [], "missing_branches": []}}}, "src\\attacks\\pgd.py": {"executed_lines": [1, 31, 33, 34, 35, 37, 38, 40, 42, 45, 46, 47, 57, 58, 59, 60, 62, 77, 78, 109, 119, 241], "summary": {"covered_lines": 19, "num_statements": 79, "percent_covered": 16.52173913043478, "percent_covered_display": "17", "missing_lines": 60, "excluded_lines": 0, "num_branches": 36, "num_partial_branches": 0, "covered_branches": 0, "missing_branches": 36}, "missing_lines": [64, 66, 67, 70, 71, 73, 74, 116, 117, 140, 141, 143, 144, 147, 149, 152, 156, 159, 161, 162, 163, 165, 167, 168, 170, 171, 174, 175, 178, 179, 182, 183, 185, 188, 189, 191, 194, 197, 198, 201, 202, 204, 207, 210, 219, 220, 221, 222, 224, 226, 227, 229, 231, 232, 233, 236, 238, 289, 300, 301], "excluded_lines": [], "executed_branches": [], "missing_branches": [[66, 67], [66, 70], [70, 71], [70, 73], [73, -62], [73, 74], [140, 141], [140, 143], [147, 149], [147, 156], [159, 161], [159, 174], [162, 163], [162, 165], [167, 168], [167, 170], [174, 175], [174, 178], [178, 179], [178, 238], [182, 183], [182, 185], [188, 189], [188, 191], [197, 198], [197, 201], [219, 178], [219, 220], [221, 222], [221, 224], [226, 227], [226, 229], [231, 178], [231, 232], [232, 233], [232, 236]], "functions": {"PGDConfig.__post_init__": {"executed_lines": [], "summary": {"covered_lines": 0, "num_statements": 7, "percent_covered": 0.0, "percent_covered_display": "0", "missing_lines": 7, "excluded_lines": 0, "num_branches": 6, "num_partial_branches": 0, "covered_branches": 0, "missing_branches": 6}, "missing_lines": [64, 66, 67, 70, 71, 73, 74], "excluded_lines": [], "executed_branches": [], "missing_branches": [[66, 67], [66, 70], [70, 71], [70, 73], [73, -62], [73, 74]]}, "PGD.__init__": {"executed_lines": [], "summary": {"covered_lines": 0, "num_statements": 2, "percent_covered": 0.0, "percent_covered_display": "0", "missing_lines": 2, "excluded_lines": 0, "num_branches": 0, "num_partial_branches": 0, "covered_branches": 0, "missing_branches": 0}, "missing_lines": [116, 117], "excluded_lines": [], "executed_branches": [], "missing_branches": []}, "PGD.generate": {"executed_lines": [], "summary": {"covered_lines": 0, "num_statements": 48, "percent_covered": 0.0, "percent_covered_display": "0", "missing_lines": 48, "excluded_lines": 0, "num_branches": 30, "num_partial_branches": 0, "covered_branches": 0, "missing_branches": 30}, "missing_lines": [140, 141, 143, 144, 147, 149, 152, 156, 159, 161, 162, 163, 165, 167, 168, 170, 171, 174, 175, 178, 179, 182, 183, 185, 188, 189, 191, 194, 197, 198, 201, 202, 204, 207, 210, 219, 220, 221, 222, 224, 226, 227, 229, 231, 232, 233, 236, 238], "excluded_lines": [], "executed_branches": [], "missing_branches": [[140, 141], [140, 143], [147, 149], [147, 156], [159, 161], [159, 174], [162, 163], [162, 165], [167, 168], [167, 170], [174, 175], [174, 178], [178, 179], [178, 238], [182, 183], [182, 185], [188, 189], [188, 191], [197, 198], [197, 201], [219, 178], [219, 220], [221, 222], [221, 224], [226, 227], [226, 229], [231, 178], [231, 232], [232, 233], [232, 236]]}, "pgd_attack": {"executed_lines": [], "summary": {"covered_lines": 0, "num_statements": 3, "percent_covered": 0.0, "percent_covered_display": "0", "missing_lines": 3, "excluded_lines": 0, "num_branches": 0, "num_partial_branches": 0, "covered_branches": 0, "missing_branches": 0}, "missing_lines": [289, 300, 301], "excluded_lines": [], "executed_branches": [], "missing_branches": []}, "": {"executed_lines": [1, 31, 33, 34, 35, 37, 38, 40, 42, 45, 46, 47, 57, 58, 59, 60, 62, 77, 78, 109, 119, 241], "summary": {"covered_lines": 19, "num_statements": 19, "percent_covered": 100.0, "percent_covered_display": "100", "missing_lines": 0, "excluded_lines": 0, "num_branches": 0, "num_partial_branches": 0, "covered_branches": 0, "missing_branches": 0}, "missing_lines": [], "excluded_lines": [], "executed_branches": [], "missing_branches": []}}, "classes": {"PGDConfig": {"executed_lines": [], "summary": {"covered_lines": 0, "num_statements": 7, "percent_covered": 0.0, "percent_covered_display": "0", "missing_lines": 7, "excluded_lines": 0, "num_branches": 6, "num_partial_branches": 0, "covered_branches": 0, "missing_branches": 6}, "missing_lines": [64, 66, 67, 70, 71, 73, 74], "excluded_lines": [], "executed_branches": [], "missing_branches": [[66, 67], [66, 70], [70, 71], [70, 73], [73, -62], [73, 74]]}, "PGD": {"executed_lines": [], "summary": {"covered_lines": 0, "num_statements": 50, "percent_covered": 0.0, "percent_covered_display": "0", "missing_lines": 50, "excluded_lines": 0, "num_branches": 30, "num_partial_branches": 0, "covered_branches": 0, "missing_branches": 30}, "missing_lines": [116, 117, 140, 141, 143, 144, 147, 149, 152, 156, 159, 161, 162, 163, 165, 167, 168, 170, 171, 174, 175, 178, 179, 182, 183, 185, 188, 189, 191, 194, 197, 198, 201, 202, 204, 207, 210, 219, 220, 221, 222, 224, 226, 227, 229, 231, 232, 233, 236, 238], "excluded_lines": [], "executed_branches": [], "missing_branches": [[140, 141], [140, 143], [147, 149], [147, 156], [159, 161], [159, 174], [162, 163], [162, 165], [167, 168], [167, 170], [174, 175], [174, 178], [178, 179], [178, 238], [182, 183], [182, 185], [188, 189], [188, 191], [197, 198], [197, 201], [219, 178], [219, 220], [221, 222], [221, 224], [226, 227], [226, 229], [231, 178], [231, 232], [232, 233], [232, 236]]}, "": {"executed_lines": [1, 31, 33, 34, 35, 37, 38, 40, 42, 45, 46, 47, 57, 58, 59, 60, 62, 77, 78, 109, 119, 241], "summary": {"covered_lines": 19, "num_statements": 22, "percent_covered": 86.36363636363636, "percent_covered_display": "86", "missing_lines": 3, "excluded_lines": 0, "num_branches": 0, "num_partial_branches": 0, "covered_branches": 0, "missing_branches": 0}, "missing_lines": [289, 300, 301], "excluded_lines": [], "executed_branches": [], "missing_branches": []}}}, "src\\cli\\__init__.py": {"executed_lines": [], "summary": {"covered_lines": 0, "num_statements": 0, "percent_covered": 100.0, "percent_covered_display": "100", "missing_lines": 0, "excluded_lines": 0, "num_branches": 0, "num_partial_branches": 0, "covered_branches": 0, "missing_branches": 0}, "missing_lines": [], "excluded_lines": [], "executed_branches": [], "missing_branches": [], "functions": {"": {"executed_lines": [], "summary": {"covered_lines": 0, "num_statements": 0, "percent_covered": 100.0, "percent_covered_display": "100", "missing_lines": 0, "excluded_lines": 0, "num_branches": 0, "num_partial_branches": 0, "covered_branches": 0, "missing_branches": 0}, "missing_lines": [], "excluded_lines": [], "executed_branches": [], "missing_branches": []}}, "classes": {"": {"executed_lines": [], "summary": {"covered_lines": 0, "num_statements": 0, "percent_covered": 100.0, "percent_covered_display": "100", "missing_lines": 0, "excluded_lines": 0, "num_branches": 0, "num_partial_branches": 0, "covered_branches": 0, "missing_branches": 0}, "missing_lines": [], "excluded_lines": [], "executed_branches": [], "missing_branches": []}}}, "src\\data\\__init__.py": {"executed_lines": [], "summary": {"covered_lines": 0, "num_statements": 2, "percent_covered": 0.0, "percent_covered_display": "0", "missing_lines": 2, "excluded_lines": 0, "num_branches": 0, "num_partial_branches": 0, "covered_branches": 0, "missing_branches": 0}, "missing_lines": [8, 10], "excluded_lines": [], "executed_branches": [], "missing_branches": [], "functions": {"": {"executed_lines": [], "summary": {"covered_lines": 0, "num_statements": 2, "percent_covered": 0.0, "percent_covered_display": "0", "missing_lines": 2, "excluded_lines": 0, "num_branches": 0, "num_partial_branches": 0, "covered_branches": 0, "missing_branches": 0}, "missing_lines": [8, 10], "excluded_lines": [], "executed_branches": [], "missing_branches": []}}, "classes": {"": {"executed_lines": [], "summary": {"covered_lines": 0, "num_statements": 2, "percent_covered": 0.0, "percent_covered_display": "0", "missing_lines": 2, "excluded_lines": 0, "num_branches": 0, "num_partial_branches": 0, "covered_branches": 0, "missing_branches": 0}, "missing_lines": [8, 10], "excluded_lines": [], "executed_branches": [], "missing_branches": []}}}, "src\\data\\ready_check.py": {"executed_lines": [], "summary": {"covered_lines": 0, "num_statements": 130, "percent_covered": 0.0, "percent_covered_display": "0", "missing_lines": 130, "excluded_lines": 7, "num_branches": 32, "num_partial_branches": 0, "covered_branches": 0, "missing_branches": 32}, "missing_lines": [35, 37, 38, 39, 40, 41, 42, 44, 51, 52, 53, 54, 55, 56, 57, 58, 59, 60, 61, 62, 63, 64, 65, 66, 69, 77, 78, 79, 80, 81, 84, 85, 86, 87, 88, 90, 91, 99, 124, 125, 127, 128, 130, 131, 132, 133, 134, 135, 136, 137, 138, 140, 141, 142, 143, 144, 146, 147, 148, 149, 150, 151, 169, 170, 192, 193, 196, 197, 198, 199, 200, 203, 204, 205, 206, 208, 209, 210, 211, 214, 215, 216, 217, 220, 221, 222, 223, 224, 225, 226, 227, 229, 230, 231, 232, 234, 237, 238, 239, 240, 242, 244, 245, 246, 247, 249, 267, 278, 279, 280, 281, 289, 290, 293, 296, 301, 306, 312, 317, 324, 327, 328, 329, 331, 332, 336, 337, 338, 340, 341], "excluded_lines": [171, 172, 173, 174, 175, 344, 345], "executed_branches": [], "missing_branches": [[79, 80], [79, 85], [85, 86], [85, 87], [87, 88], [87, 90], [124, 125], [124, 127], [146, 147], [146, 169], [197, 198], [197, 203], [203, 204], [203, 237], [214, 215], [214, 220], [221, 222], [221, 229], [223, 224], [223, 225], [225, 221], [225, 226], [229, 230], [229, 234], [237, 238], [237, 239], [239, 240], [239, 242], [336, 337], [336, 340], [340, -327], [340, 341]], "functions": {"_setup_logger": {"executed_lines": [], "summary": {"covered_lines": 0, "num_statements": 11, "percent_covered": 0.0, "percent_covered_display": "0", "missing_lines": 11, "excluded_lines": 0, "num_branches": 6, "num_partial_branches": 0, "covered_branches": 0, "missing_branches": 6}, "missing_lines": [78, 79, 80, 81, 84, 85, 86, 87, 88, 90, 91], "excluded_lines": [], "executed_branches": [], "missing_branches": [[79, 80], [79, 85], [85, 86], [85, 87], [87, 88], [87, 90]]}, "run_ready_check": {"executed_lines": [], "summary": {"covered_lines": 0, "num_statements": 68, "percent_covered": 0.0, "percent_covered_display": "0", "missing_lines": 68, "excluded_lines": 5, "num_branches": 22, "num_partial_branches": 0, "covered_branches": 0, "missing_branches": 22}, "missing_lines": [124, 125, 127, 128, 130, 131, 132, 133, 134, 135, 136, 137, 138, 140, 141, 142, 143, 144, 146, 147, 148, 149, 150, 151, 169, 170, 192, 193, 196, 197, 198, 199, 200, 203, 204, 205, 206, 208, 209, 210, 211, 214, 215, 216, 217, 220, 221, 222, 223, 224, 225, 226, 227, 229, 230, 231, 232, 234, 237, 238, 239, 240, 242, 244, 245, 246, 247, 249], "excluded_lines": [171, 172, 173, 174, 175], "executed_branches": [], "missing_branches": [[124, 125], [124, 127], [146, 147], [146, 169], [197, 198], [197, 203], [203, 204], [203, 237], [214, 215], [214, 220], [221, 222], [221, 229], [223, 224], [223, 225], [225, 221], [225, 226], [229, 230], [229, 234], [237, 238], [237, 239], [239, 240], [239, 242]]}, "save_report": {"executed_lines": [], "summary": {"covered_lines": 0, "num_statements": 4, "percent_covered": 0.0, "percent_covered_display": "0", "missing_lines": 4, "excluded_lines": 0, "num_branches": 0, "num_partial_branches": 0, "covered_branches": 0, "missing_branches": 0}, "missing_lines": [278, 279, 280, 281], "excluded_lines": [], "executed_branches": [], "missing_branches": []}, "parse_args": {"executed_lines": [], "summary": {"covered_lines": 0, "num_statements": 8, "percent_covered": 0.0, "percent_covered_display": "0", "missing_lines": 8, "excluded_lines": 0, "num_branches": 0, "num_partial_branches": 0, "covered_branches": 0, "missing_branches": 0}, "missing_lines": [290, 293, 296, 301, 306, 312, 317, 324], "excluded_lines": [], "executed_branches": [], "missing_branches": []}, "main": {"executed_lines": [], "summary": {"covered_lines": 0, "num_statements": 9, "percent_covered": 0.0, "percent_covered_display": "0", "missing_lines": 9, "excluded_lines": 0, "num_branches": 4, "num_partial_branches": 0, "covered_branches": 0, "missing_branches": 4}, "missing_lines": [328, 329, 331, 332, 336, 337, 338, 340, 341], "excluded_lines": [], "executed_branches": [], "missing_branches": [[336, 337], [336, 340], [340, -327], [340, 341]]}, "": {"executed_lines": [], "summary": {"covered_lines": 0, "num_statements": 30, "percent_covered": 0.0, "percent_covered_display": "0", "missing_lines": 30, "excluded_lines": 2, "num_branches": 0, "num_partial_branches": 0, "covered_branches": 0, "missing_branches": 0}, "missing_lines": [35, 37, 38, 39, 40, 41, 42, 44, 51, 52, 53, 54, 55, 56, 57, 58, 59, 60, 61, 62, 63, 64, 65, 66, 69, 77, 99, 267, 289, 327], "excluded_lines": [344, 345], "executed_branches": [], "missing_branches": []}}, "classes": {"DatasetReadyReport": {"executed_lines": [], "summary": {"covered_lines": 0, "num_statements": 0, "percent_covered": 100.0, "percent_covered_display": "100", "missing_lines": 0, "excluded_lines": 0, "num_branches": 0, "num_partial_branches": 0, "covered_branches": 0, "missing_branches": 0}, "missing_lines": [], "excluded_lines": [], "executed_branches": [], "missing_branches": []}, "": {"executed_lines": [], "summary": {"covered_lines": 0, "num_statements": 130, "percent_covered": 0.0, "percent_covered_display": "0", "missing_lines": 130, "excluded_lines": 7, "num_branches": 32, "num_partial_branches": 0, "covered_branches": 0, "missing_branches": 32}, "missing_lines": [35, 37, 38, 39, 40, 41, 42, 44, 51, 52, 53, 54, 55, 56, 57, 58, 59, 60, 61, 62, 63, 64, 65, 66, 69, 77, 78, 79, 80, 81, 84, 85, 86, 87, 88, 90, 91, 99, 124, 125, 127, 128, 130, 131, 132, 133, 134, 135, 136, 137, 138, 140, 141, 142, 143, 144, 146, 147, 148, 149, 150, 151, 169, 170, 192, 193, 196, 197, 198, 199, 200, 203, 204, 205, 206, 208, 209, 210, 211, 214, 215, 216, 217, 220, 221, 222, 223, 224, 225, 226, 227, 229, 230, 231, 232, 234, 237, 238, 239, 240, 242, 244, 245, 246, 247, 249, 267, 278, 279, 280, 281, 289, 290, 293, 296, 301, 306, 312, 317, 324, 327, 328, 329, 331, 332, 336, 337, 338, 340, 341], "excluded_lines": [171, 172, 173, 174, 175, 344, 345], "executed_branches": [], "missing_branches": [[79, 80], [79, 85], [85, 86], [85, 87], [87, 88], [87, 90], [124, 125], [124, 127], [146, 147], [146, 169], [197, 198], [197, 203], [203, 204], [203, 237], [214, 215], [214, 220], [221, 222], [221, 229], [223, 224], [223, 225], [225, 221], [225, 226], [229, 230], [229, 234], [237, 238], [237, 239], [239, 240], [239, 242], [336, 337], [336, 340], [340, -327], [340, 341]]}}}, "src\\datasets\\__init__.py": {"executed_lines": [2, 18, 19, 20, 21, 24, 26], "summary": {"covered_lines": 6, "num_statements": 6, "percent_covered": 100.0, "percent_covered_display": "100", "missing_lines": 0, "excluded_lines": 0, "num_branches": 0, "num_partial_branches": 0, "covered_branches": 0, "missing_branches": 0}, "missing_lines": [], "excluded_lines": [], "executed_branches": [], "missing_branches": [], "functions": {"": {"executed_lines": [2, 18, 19, 20, 21, 24, 26], "summary": {"covered_lines": 6, "num_statements": 6, "percent_covered": 100.0, "percent_covered_display": "100", "missing_lines": 0, "excluded_lines": 0, "num_branches": 0, "num_partial_branches": 0, "covered_branches": 0, "missing_branches": 0}, "missing_lines": [], "excluded_lines": [], "executed_branches": [], "missing_branches": []}}, "classes": {"": {"executed_lines": [2, 18, 19, 20, 21, 24, 26], "summary": {"covered_lines": 6, "num_statements": 6, "percent_covered": 100.0, "percent_covered_display": "100", "missing_lines": 0, "excluded_lines": 0, "num_branches": 0, "num_partial_branches": 0, "covered_branches": 0, "missing_branches": 0}, "missing_lines": [], "excluded_lines": [], "executed_branches": [], "missing_branches": []}}}, "src\\datasets\\base_dataset.py": {"executed_lines": [2, 4, 16, 17, 18, 19, 21, 22, 23, 24, 27, 28, 30, 31, 32, 34, 35, 46, 47, 48, 63, 64, 65, 68, 69, 88, 90, 154, 176, 194, 204, 285, 305, 308, 347, 378, 379, 385, 438, 482, 485], "summary": {"covered_lines": 37, "num_statements": 158, "percent_covered": 16.818181818181817, "percent_covered_display": "17", "missing_lines": 121, "excluded_lines": 18, "num_branches": 62, "num_partial_branches": 0, "covered_branches": 0, "missing_branches": 62}, "missing_lines": [36, 37, 38, 39, 40, 41, 42, 43, 116, 119, 120, 123, 124, 127, 128, 133, 134, 137, 138, 141, 142, 145, 148, 149, 178, 179, 183, 184, 185, 188, 189, 190, 192, 196, 197, 198, 199, 217, 220, 221, 223, 226, 229, 230, 233, 236, 237, 240, 241, 242, 245, 246, 257, 258, 259, 260, 261, 270, 271, 272, 275, 276, 277, 278, 279, 283, 295, 296, 299, 300, 306, 321, 322, 324, 326, 327, 329, 330, 332, 333, 335, 338, 339, 340, 342, 360, 362, 364, 365, 368, 369, 371, 372, 374, 375, 376, 381, 382, 383, 401, 402, 404, 406, 407, 410, 413, 414, 415, 418, 420, 422, 436, 457, 459, 460, 461, 463, 465, 472, 473, 478], "excluded_lines": [154, 155, 156, 157, 158, 159, 160, 161, 162, 163, 164, 165, 166, 167, 168, 169, 170, 171], "executed_branches": [], "missing_branches": [[37, 38], [37, 39], [39, 40], [39, 41], [41, 42], [41, 43], [119, 120], [119, 123], [123, 124], [123, 127], [178, 179], [178, 183], [183, 184], [183, 188], [189, 190], [189, 192], [196, 197], [196, 198], [220, 221], [220, 223], [229, 230], [229, 233], [236, 237], [236, 240], [240, 241], [240, 245], [241, 240], [241, 242], [245, 246], [245, 270], [257, 258], [257, 270], [258, 257], [258, 259], [260, 258], [260, 261], [271, 272], [271, 275], [275, 276], [275, 283], [276, 277], [276, 283], [278, 276], [278, 279], [295, 296], [295, 299], [324, 326], [324, 338], [329, 330], [329, 332], [362, 364], [362, 368], [381, 382], [381, 383], [404, 406], [404, 413], [459, 460], [459, 463], [460, 459], [460, 461], [472, 473], [472, 478]], "functions": {"Split.from_str": {"executed_lines": [], "summary": {"covered_lines": 0, "num_statements": 8, "percent_covered": 0.0, "percent_covered_display": "0", "missing_lines": 8, "excluded_lines": 0, "num_branches": 6, "num_partial_branches": 0, "covered_branches": 0, "missing_branches": 6}, "missing_lines": [36, 37, 38, 39, 40, 41, 42, 43], "excluded_lines": [], "executed_branches": [], "missing_branches": [[37, 38], [37, 39], [39, 40], [39, 41], [41, 42], [41, 43]]}, "BaseMedicalDataset.__init__": {"executed_lines": [], "summary": {"covered_lines": 0, "num_statements": 16, "percent_covered": 0.0, "percent_covered_display": "0", "missing_lines": 16, "excluded_lines": 0, "num_branches": 4, "num_partial_branches": 0, "covered_branches": 0, "missing_branches": 4}, "missing_lines": [116, 119, 120, 123, 124, 127, 128, 133, 134, 137, 138, 141, 142, 145, 148, 149], "excluded_lines": [], "executed_branches": [], "missing_branches": [[119, 120], [119, 123], [123, 124], [123, 127]]}, "BaseMedicalDataset._load_metadata": {"executed_lines": [], "summary": {"covered_lines": 0, "num_statements": 0, "percent_covered": 100.0, "percent_covered_display": "100", "missing_lines": 0, "excluded_lines": 17, "num_branches": 0, "num_partial_branches": 0, "covered_branches": 0, "missing_branches": 0}, "missing_lines": [], "excluded_lines": [155, 156, 157, 158, 159, 160, 161, 162, 163, 164, 165, 166, 167, 168, 169, 170, 171], "executed_branches": [], "missing_branches": []}, "BaseMedicalDataset._finalize_metadata": {"executed_lines": [], "summary": {"covered_lines": 0, "num_statements": 9, "percent_covered": 0.0, "percent_covered_display": "0", "missing_lines": 9, "excluded_lines": 0, "num_branches": 6, "num_partial_branches": 0, "covered_branches": 0, "missing_branches": 6}, "missing_lines": [178, 179, 183, 184, 185, 188, 189, 190, 192], "excluded_lines": [], "executed_branches": [], "missing_branches": [[178, 179], [178, 183], [183, 184], [183, 188], [189, 190], [189, 192]]}, "BaseMedicalDataset._stack_labels": {"executed_lines": [], "summary": {"covered_lines": 0, "num_statements": 4, "percent_covered": 0.0, "percent_covered_display": "0", "missing_lines": 4, "excluded_lines": 0, "num_branches": 2, "num_partial_branches": 0, "covered_branches": 0, "missing_branches": 2}, "missing_lines": [196, 197, 198, 199], "excluded_lines": [], "executed_branches": [], "missing_branches": [[196, 197], [196, 198]]}, "BaseMedicalDataset._resolve_image_path": {"executed_lines": [], "summary": {"covered_lines": 0, "num_statements": 29, "percent_covered": 0.0, "percent_covered_display": "0", "missing_lines": 29, "excluded_lines": 0, "num_branches": 26, "num_partial_branches": 0, "covered_branches": 0, "missing_branches": 26}, "missing_lines": [217, 220, 221, 223, 226, 229, 230, 233, 236, 237, 240, 241, 242, 245, 246, 257, 258, 259, 260, 261, 270, 271, 272, 275, 276, 277, 278, 279, 283], "excluded_lines": [], "executed_branches": [], "missing_branches": [[220, 221], [220, 223], [229, 230], [229, 233], [236, 237], [236, 240], [240, 241], [240, 245], [241, 240], [241, 242], [245, 246], [245, 270], [257, 258], [257, 270], [258, 257], [258, 259], [260, 258], [260, 261], [271, 272], [271, 275], [275, 276], [275, 283], [276, 277], [276, 283], [278, 276], [278, 279]]}, "BaseMedicalDataset._load_image": {"executed_lines": [], "summary": {"covered_lines": 0, "num_statements": 4, "percent_covered": 0.0, "percent_covered_display": "0", "missing_lines": 4, "excluded_lines": 0, "num_branches": 2, "num_partial_branches": 0, "covered_branches": 0, "missing_branches": 2}, "missing_lines": [295, 296, 299, 300], "excluded_lines": [], "executed_branches": [], "missing_branches": [[295, 296], [295, 299]]}, "BaseMedicalDataset.__len__": {"executed_lines": [], "summary": {"covered_lines": 0, "num_statements": 1, "percent_covered": 0.0, "percent_covered_display": "0", "missing_lines": 1, "excluded_lines": 0, "num_branches": 0, "num_partial_branches": 0, "covered_branches": 0, "missing_branches": 0}, "missing_lines": [306], "excluded_lines": [], "executed_branches": [], "missing_branches": []}, "BaseMedicalDataset.__getitem__": {"executed_lines": [], "summary": {"covered_lines": 0, "num_statements": 14, "percent_covered": 0.0, "percent_covered_display": "0", "missing_lines": 14, "excluded_lines": 0, "num_branches": 4, "num_partial_branches": 0, "covered_branches": 0, "missing_branches": 4}, "missing_lines": [321, 322, 324, 326, 327, 329, 330, 332, 333, 335, 338, 339, 340, 342], "excluded_lines": [], "executed_branches": [], "missing_branches": [[324, 326], [324, 338], [329, 330], [329, 332]]}, "BaseMedicalDataset.compute_class_weights": {"executed_lines": [], "summary": {"covered_lines": 0, "num_statements": 11, "percent_covered": 0.0, "percent_covered_display": "0", "missing_lines": 11, "excluded_lines": 0, "num_branches": 2, "num_partial_branches": 0, "covered_branches": 0, "missing_branches": 2}, "missing_lines": [360, 362, 364, 365, 368, 369, 371, 372, 374, 375, 376], "excluded_lines": [], "executed_branches": [], "missing_branches": [[362, 364], [362, 368]]}, "BaseMedicalDataset.class_weights": {"executed_lines": [], "summary": {"covered_lines": 0, "num_statements": 3, "percent_covered": 0.0, "percent_covered_display": "0", "missing_lines": 3, "excluded_lines": 0, "num_branches": 2, "num_partial_branches": 0, "covered_branches": 0, "missing_branches": 2}, "missing_lines": [381, 382, 383], "excluded_lines": [], "executed_branches": [], "missing_branches": [[381, 382], [381, 383]]}, "BaseMedicalDataset.compute_class_statistics": {"executed_lines": [], "summary": {"covered_lines": 0, "num_statements": 13, "percent_covered": 0.0, "percent_covered_display": "0", "missing_lines": 13, "excluded_lines": 0, "num_branches": 2, "num_partial_branches": 0, "covered_branches": 0, "missing_branches": 2}, "missing_lines": [401, 402, 404, 406, 407, 410, 413, 414, 415, 418, 420, 422, 436], "excluded_lines": [], "executed_branches": [], "missing_branches": [[404, 406], [404, 413]]}, "BaseMedicalDataset.validate": {"executed_lines": [], "summary": {"covered_lines": 0, "num_statements": 9, "percent_covered": 0.0, "percent_covered_display": "0", "missing_lines": 9, "excluded_lines": 0, "num_branches": 6, "num_partial_branches": 0, "covered_branches": 0, "missing_branches": 6}, "missing_lines": [457, 459, 460, 461, 463, 465, 472, 473, 478], "excluded_lines": [], "executed_branches": [], "missing_branches": [[459, 460], [459, 463], [460, 459], [460, 461], [472, 473], [472, 478]]}, "": {"executed_lines": [2, 4, 16, 17, 18, 19, 21, 22, 23, 24, 27, 28, 30, 31, 32, 34, 35, 46, 47, 48, 63, 64, 65, 68, 69, 88, 90, 154, 176, 194, 204, 285, 305, 308, 347, 378, 379, 385, 438, 482, 485], "summary": {"covered_lines": 37, "num_statements": 37, "percent_covered": 100.0, "percent_covered_display": "100", "missing_lines": 0, "excluded_lines": 1, "num_branches": 0, "num_partial_branches": 0, "covered_branches": 0, "missing_branches": 0}, "missing_lines": [], "excluded_lines": [154], "executed_branches": [], "missing_branches": []}}, "classes": {"Split": {"executed_lines": [], "summary": {"covered_lines": 0, "num_statements": 8, "percent_covered": 0.0, "percent_covered_display": "0", "missing_lines": 8, "excluded_lines": 0, "num_branches": 6, "num_partial_branches": 0, "covered_branches": 0, "missing_branches": 6}, "missing_lines": [36, 37, 38, 39, 40, 41, 42, 43], "excluded_lines": [], "executed_branches": [], "missing_branches": [[37, 38], [37, 39], [39, 40], [39, 41], [41, 42], [41, 43]]}, "Sample": {"executed_lines": [], "summary": {"covered_lines": 0, "num_statements": 0, "percent_covered": 100.0, "percent_covered_display": "100", "missing_lines": 0, "excluded_lines": 0, "num_branches": 0, "num_partial_branches": 0, "covered_branches": 0, "missing_branches": 0}, "missing_lines": [], "excluded_lines": [], "executed_branches": [], "missing_branches": []}, "BaseMedicalDataset": {"executed_lines": [], "summary": {"covered_lines": 0, "num_statements": 113, "percent_covered": 0.0, "percent_covered_display": "0", "missing_lines": 113, "excluded_lines": 17, "num_branches": 56, "num_partial_branches": 0, "covered_branches": 0, "missing_branches": 56}, "missing_lines": [116, 119, 120, 123, 124, 127, 128, 133, 134, 137, 138, 141, 142, 145, 148, 149, 178, 179, 183, 184, 185, 188, 189, 190, 192, 196, 197, 198, 199, 217, 220, 221, 223, 226, 229, 230, 233, 236, 237, 240, 241, 242, 245, 246, 257, 258, 259, 260, 261, 270, 271, 272, 275, 276, 277, 278, 279, 283, 295, 296, 299, 300, 306, 321, 322, 324, 326, 327, 329, 330, 332, 333, 335, 338, 339, 340, 342, 360, 362, 364, 365, 368, 369, 371, 372, 374, 375, 376, 381, 382, 383, 401, 402, 404, 406, 407, 410, 413, 414, 415, 418, 420, 422, 436, 457, 459, 460, 461, 463, 465, 472, 473, 478], "excluded_lines": [155, 156, 157, 158, 159, 160, 161, 162, 163, 164, 165, 166, 167, 168, 169, 170, 171], "executed_branches": [], "missing_branches": [[119, 120], [119, 123], [123, 124], [123, 127], [178, 179], [178, 183], [183, 184], [183, 188], [189, 190], [189, 192], [196, 197], [196, 198], [220, 221], [220, 223], [229, 230], [229, 233], [236, 237], [236, 240], [240, 241], [240, 245], [241, 240], [241, 242], [245, 246], [245, 270], [257, 258], [257, 270], [258, 257], [258, 259], [260, 258], [260, 261], [271, 272], [271, 275], [275, 276], [275, 283], [276, 277], [276, 283], [278, 276], [278, 279], [295, 296], [295, 299], [324, 326], [324, 338], [329, 330], [329, 332], [362, 364], [362, 368], [381, 382], [381, 383], [404, 406], [404, 413], [459, 460], [459, 463], [460, 459], [460, 461], [472, 473], [472, 478]]}, "": {"executed_lines": [2, 4, 16, 17, 18, 19, 21, 22, 23, 24, 27, 28, 30, 31, 32, 34, 35, 46, 47, 48, 63, 64, 65, 68, 69, 88, 90, 154, 176, 194, 204, 285, 305, 308, 347, 378, 379, 385, 438, 482, 485], "summary": {"covered_lines": 37, "num_statements": 37, "percent_covered": 100.0, "percent_covered_display": "100", "missing_lines": 0, "excluded_lines": 1, "num_branches": 0, "num_partial_branches": 0, "covered_branches": 0, "missing_branches": 0}, "missing_lines": [], "excluded_lines": [154], "executed_branches": [], "missing_branches": []}}}, "src\\datasets\\chest_xray.py": {"executed_lines": [2, 4, 16, 17, 19, 20, 22, 25, 26, 58, 60, 97, 185, 199], "summary": {"covered_lines": 13, "num_statements": 68, "percent_covered": 15.476190476190476, "percent_covered_display": "15", "missing_lines": 55, "excluded_lines": 0, "num_branches": 16, "num_partial_branches": 0, "covered_branches": 0, "missing_branches": 16}, "missing_lines": [75, 76, 77, 78, 79, 84, 85, 90, 92, 99, 102, 107, 108, 111, 113, 114, 115, 116, 117, 118, 119, 120, 123, 124, 125, 126, 127, 129, 130, 131, 136, 137, 138, 140, 141, 142, 149, 151, 152, 153, 155, 156, 159, 160, 161, 162, 164, 172, 180, 194, 195, 196, 197, 208, 209], "excluded_lines": [], "executed_branches": [], "missing_branches": [[102, 107], [102, 111], [114, 115], [114, 116], [118, 119], [118, 120], [124, 125], [124, 129], [140, 141], [140, 149], [151, 152], [151, 180], [160, 161], [160, 164], [195, 196], [195, 197]], "functions": {"ChestXRayDataset.__init__": {"executed_lines": [], "summary": {"covered_lines": 0, "num_statements": 9, "percent_covered": 0.0, "percent_covered_display": "0", "missing_lines": 9, "excluded_lines": 0, "num_branches": 0, "num_partial_branches": 0, "covered_branches": 0, "missing_branches": 0}, "missing_lines": [75, 76, 77, 78, 79, 84, 85, 90, 92], "excluded_lines": [], "executed_branches": [], "missing_branches": []}, "ChestXRayDataset._load_metadata": {"executed_lines": [], "summary": {"covered_lines": 0, "num_statements": 32, "percent_covered": 0.0, "percent_covered_display": "0", "missing_lines": 32, "excluded_lines": 0, "num_branches": 10, "num_partial_branches": 0, "covered_branches": 0, "missing_branches": 10}, "missing_lines": [99, 102, 107, 108, 111, 123, 124, 125, 126, 127, 129, 130, 131, 136, 137, 138, 140, 141, 142, 149, 151, 152, 153, 155, 156, 159, 160, 161, 162, 164, 172, 180], "excluded_lines": [], "executed_branches": [], "missing_branches": [[102, 107], [102, 111], [124, 125], [124, 129], [140, 141], [140, 149], [151, 152], [151, 180], [160, 161], [160, 164]]}, "ChestXRayDataset._load_metadata._parse_label_string": {"executed_lines": [], "summary": {"covered_lines": 0, "num_statements": 8, "percent_covered": 0.0, "percent_covered_display": "0", "missing_lines": 8, "excluded_lines": 0, "num_branches": 4, "num_partial_branches": 0, "covered_branches": 0, "missing_branches": 4}, "missing_lines": [113, 114, 115, 116, 117, 118, 119, 120], "excluded_lines": [], "executed_branches": [], "missing_branches": [[114, 115], [114, 116], [118, 119], [118, 120]]}, "ChestXRayDataset.positive_rates": {"executed_lines": [], "summary": {"covered_lines": 0, "num_statements": 4, "percent_covered": 0.0, "percent_covered_display": "0", "missing_lines": 4, "excluded_lines": 0, "num_branches": 2, "num_partial_branches": 0, "covered_branches": 0, "missing_branches": 2}, "missing_lines": [194, 195, 196, 197], "excluded_lines": [], "executed_branches": [], "missing_branches": [[195, 196], [195, 197]]}, "ChestXRayDataset.get_positive_rates": {"executed_lines": [], "summary": {"covered_lines": 0, "num_statements": 2, "percent_covered": 0.0, "percent_covered_display": "0", "missing_lines": 2, "excluded_lines": 0, "num_branches": 0, "num_partial_branches": 0, "covered_branches": 0, "missing_branches": 0}, "missing_lines": [208, 209], "excluded_lines": [], "executed_branches": [], "missing_branches": []}, "": {"executed_lines": [2, 4, 16, 17, 19, 20, 22, 25, 26, 58, 60, 97, 185, 199], "summary": {"covered_lines": 13, "num_statements": 13, "percent_covered": 100.0, "percent_covered_display": "100", "missing_lines": 0, "excluded_lines": 0, "num_branches": 0, "num_partial_branches": 0, "covered_branches": 0, "missing_branches": 0}, "missing_lines": [], "excluded_lines": [], "executed_branches": [], "missing_branches": []}}, "classes": {"ChestXRayDataset": {"executed_lines": [], "summary": {"covered_lines": 0, "num_statements": 55, "percent_covered": 0.0, "percent_covered_display": "0", "missing_lines": 55, "excluded_lines": 0, "num_branches": 16, "num_partial_branches": 0, "covered_branches": 0, "missing_branches": 16}, "missing_lines": [75, 76, 77, 78, 79, 84, 85, 90, 92, 99, 102, 107, 108, 111, 113, 114, 115, 116, 117, 118, 119, 120, 123, 124, 125, 126, 127, 129, 130, 131, 136, 137, 138, 140, 141, 142, 149, 151, 152, 153, 155, 156, 159, 160, 161, 162, 164, 172, 180, 194, 195, 196, 197, 208, 209], "excluded_lines": [], "executed_branches": [], "missing_branches": [[102, 107], [102, 111], [114, 115], [114, 116], [118, 119], [118, 120], [124, 125], [124, 129], [140, 141], [140, 149], [151, 152], [151, 180], [160, 161], [160, 164], [195, 196], [195, 197]]}, "": {"executed_lines": [2, 4, 16, 17, 19, 20, 22, 25, 26, 58, 60, 97, 185, 199], "summary": {"covered_lines": 13, "num_statements": 13, "percent_covered": 100.0, "percent_covered_display": "100", "missing_lines": 0, "excluded_lines": 0, "num_branches": 0, "num_partial_branches": 0, "covered_branches": 0, "missing_branches": 0}, "missing_lines": [], "excluded_lines": [], "executed_branches": [], "missing_branches": []}}}, "src\\datasets\\data_governance.py": {"executed_lines": [], "summary": {"covered_lines": 0, "num_statements": 132, "percent_covered": 0.0, "percent_covered_display": "0", "missing_lines": 132, "excluded_lines": 4, "num_branches": 24, "num_partial_branches": 0, "covered_branches": 0, "missing_branches": 24}, "missing_lines": [37, 39, 40, 41, 42, 43, 44, 45, 46, 53, 54, 61, 62, 63, 66, 67, 68, 69, 70, 71, 72, 75, 76, 77, 80, 85, 181, 188, 189, 190, 191, 192, 195, 196, 197, 200, 205, 206, 207, 208, 210, 211, 212, 215, 222, 223, 224, 226, 227, 228, 231, 232, 233, 236, 246, 247, 248, 249, 250, 251, 252, 253, 258, 259, 262, 263, 264, 265, 268, 270, 271, 273, 274, 282, 287, 289, 290, 304, 312, 314, 315, 316, 317, 318, 321, 323, 331, 367, 368, 369, 371, 385, 386, 387, 388, 389, 390, 392, 393, 395, 396, 404, 436, 437, 439, 440, 441, 442, 444, 458, 459, 467, 486, 487, 488, 490, 491, 493, 494, 496, 497, 498, 499, 500, 501, 503, 519, 521, 522, 525, 529, 537], "excluded_lines": [254, 255, 283, 284], "executed_branches": [], "missing_branches": [[190, 191], [190, 197], [206, 207], [206, 210], [207, 206], [207, 208], [210, 211], [210, 212], [223, 224], [223, 226], [263, 264], [263, 265], [385, 386], [385, 392], [392, 393], [392, 395], [440, 441], [440, 442], [496, 497], [496, 499], [499, 500], [499, 503], [521, 522], [521, 529]], "functions": {"_dataset_info_registry": {"executed_lines": [], "summary": {"covered_lines": 0, "num_statements": 1, "percent_covered": 0.0, "percent_covered_display": "0", "missing_lines": 1, "excluded_lines": 0, "num_branches": 0, "num_partial_branches": 0, "covered_branches": 0, "missing_branches": 0}, "missing_lines": [85], "excluded_lines": [], "executed_branches": [], "missing_branches": []}, "_get_logger": {"executed_lines": [], "summary": {"covered_lines": 0, "num_statements": 7, "percent_covered": 0.0, "percent_covered_display": "0", "missing_lines": 7, "excluded_lines": 0, "num_branches": 2, "num_partial_branches": 0, "covered_branches": 0, "missing_branches": 2}, "missing_lines": [189, 190, 191, 192, 195, 196, 197], "excluded_lines": [], "executed_branches": [], "missing_branches": [[190, 191], [190, 197]]}, "_detect_project_root": {"executed_lines": [], "summary": {"covered_lines": 0, "num_statements": 7, "percent_covered": 0.0, "percent_covered_display": "0", "missing_lines": 7, "excluded_lines": 0, "num_branches": 6, "num_partial_branches": 0, "covered_branches": 0, "missing_branches": 6}, "missing_lines": [205, 206, 207, 208, 210, 211, 212], "excluded_lines": [], "executed_branches": [], "missing_branches": [[206, 207], [206, 210], [207, 206], [207, 208], [210, 211], [210, 212]]}, "get_governance_dir": {"executed_lines": [], "summary": {"covered_lines": 0, "num_statements": 6, "percent_covered": 0.0, "percent_covered_display": "0", "missing_lines": 6, "excluded_lines": 0, "num_branches": 2, "num_partial_branches": 0, "covered_branches": 0, "missing_branches": 2}, "missing_lines": [222, 223, 224, 226, 227, 228], "excluded_lines": [], "executed_branches": [], "missing_branches": [[223, 224], [223, 226]]}, "_append_json_record": {"executed_lines": [], "summary": {"covered_lines": 0, "num_statements": 8, "percent_covered": 0.0, "percent_covered_display": "0", "missing_lines": 8, "excluded_lines": 2, "num_branches": 0, "num_partial_branches": 0, "covered_branches": 0, "missing_branches": 0}, "missing_lines": [246, 247, 248, 249, 250, 251, 252, 253], "excluded_lines": [254, 255], "executed_branches": [], "missing_branches": []}, "_now_utc_iso": {"executed_lines": [], "summary": {"covered_lines": 0, "num_statements": 1, "percent_covered": 0.0, "percent_covered_display": "0", "missing_lines": 1, "excluded_lines": 0, "num_branches": 0, "num_partial_branches": 0, "covered_branches": 0, "missing_branches": 0}, "missing_lines": [259], "excluded_lines": [], "executed_branches": [], "missing_branches": []}, "_infer_script_name": {"executed_lines": [], "summary": {"covered_lines": 0, "num_statements": 3, "percent_covered": 0.0, "percent_covered
[...]
cuted_branches": [], "missing_branches": [[291, -276], [291, 292]]}, "AdvancedConceptDataset._prepare_balanced_samples": {"executed_lines": [], "summary": {"covered_lines": 0, "num_statements": 15, "percent_covered": 0.0, "percent_covered_display": "0", "missing_lines": 15, "excluded_lines": 0, "num_branches": 6, "num_partial_branches": 0, "covered_branches": 0, "missing_branches": 6}, "missing_lines": [296, 297, 299, 300, 303, 304, 307, 309, 310, 311, 313, 315, 316, 319, 320], "excluded_lines": [], "executed_branches": [], "missing_branches": [[303, 304], [303, 319], [307, 309], [307, 313], [315, 303], [315, 316]]}, "AdvancedConceptDataset._validate_dataset": {"executed_lines": [], "summary": {"covered_lines": 0, "num_statements": 13, "percent_covered": 0.0, "percent_covered_display": "0", "missing_lines": 13, "excluded_lines": 0, "num_branches": 10, "num_partial_branches": 0, "covered_branches": 0, "missing_branches": 10}, "missing_lines": [324, 325, 328, 329, 330, 333, 334, 335, 336, 339, 340, 341, 342], "excluded_lines": [], "executed_branches": [], "missing_branches": [[324, 325], [324, 328], [329, 330], [329, 333], [335, 336], [335, 339], [339, -322], [339, 340], [340, 339], [340, 341]]}, "AdvancedConceptDataset.__len__": {"executed_lines": [], "summary": {"covered_lines": 0, "num_statements": 1, "percent_covered": 0.0, "percent_covered_display": "0", "missing_lines": 1, "excluded_lines": 0, "num_branches": 0, "num_partial_branches": 0, "covered_branches": 0, "missing_branches": 0}, "missing_lines": [345], "excluded_lines": [], "executed_branches": [], "missing_branches": []}, "AdvancedConceptDataset.__getitem__": {"executed_lines": [], "summary": {"covered_lines": 0, "num_statements": 8, "percent_covered": 0.0, "percent_covered_display": "0", "missing_lines": 8, "excluded_lines": 0, "num_branches": 6, "num_partial_branches": 0, "covered_branches": 0, "missing_branches": 6}, "missing_lines": [348, 351, 352, 355, 356, 359, 360, 362], "excluded_lines": [], "executed_branches": [], "missing_branches": [[351, 352], [351, 355], [355, 356], [355, 359], [359, 360], [359, 362]]}, "AdvancedConceptDataset._apply_augmentation": {"executed_lines": [], "summary": {"covered_lines": 0, "num_statements": 5, "percent_covered": 0.0, "percent_covered_display": "0", "missing_lines": 5, "excluded_lines": 0, "num_branches": 2, "num_partial_branches": 0, "covered_branches": 0, "missing_branches": 2}, "missing_lines": [367, 368, 369, 370, 372], "excluded_lines": [], "executed_branches": [], "missing_branches": [[367, 368], [367, 372]]}, "AdvancedConceptDataset.get_concept_distribution": {"executed_lines": [], "summary": {"covered_lines": 0, "num_statements": 4, "percent_covered": 0.0, "percent_covered_display": "0", "missing_lines": 4, "excluded_lines": 0, "num_branches": 2, "num_partial_branches": 0, "covered_branches": 0, "missing_branches": 2}, "missing_lines": [376, 377, 378, 379], "excluded_lines": [], "executed_branches": [], "missing_branches": [[377, 378], [377, 379]]}, "UltraTCAV.__init__": {"executed_lines": [], "summary": {"covered_lines": 0, "num_statements": 14, "percent_covered": 0.0, "percent_covered_display": "0", "missing_lines": 14, "excluded_lines": 0, "num_branches": 2, "num_partial_branches": 0, "covered_branches": 0, "missing_branches": 2}, "missing_lines": [387, 388, 391, 392, 393, 394, 395, 398, 402, 403, 406, 407, 410, 411], "excluded_lines": [], "executed_branches": [], "missing_branches": [[410, -385], [410, 411]]}, "UltraTCAV._ensure_reproducibility": {"executed_lines": [], "summary": {"covered_lines": 0, "num_statements": 7, "percent_covered": 0.0, "percent_covered_display": "0", "missing_lines": 7, "excluded_lines": 0, "num_branches": 2, "num_partial_branches": 0, "covered_branches": 0, "missing_branches": 2}, "missing_lines": [415, 416, 417, 418, 419, 422, 423], "excluded_lines": [], "executed_branches": [], "missing_branches": [[417, 418], [417, 422]]}, "UltraTCAV.register_model": {"executed_lines": [], "summary": {"covered_lines": 0, "num_statements": 9, "percent_covered": 0.0, "percent_covered_display": "0", "missing_lines": 9, "excluded_lines": 0, "num_branches": 2, "num_partial_branches": 0, "covered_branches": 0, "missing_branches": 2}, "missing_lines": [427, 428, 429, 431, 432, 434, 437, 438, 440], "excluded_lines": [], "executed_branches": [], "missing_branches": [[431, 432], [431, 434]]}, "UltraTCAV._register_hooks": {"executed_lines": [], "summary": {"covered_lines": 0, "num_statements": 8, "percent_covered": 0.0, "percent_covered_display": "0", "missing_lines": 8, "excluded_lines": 0, "num_branches": 4, "num_partial_branches": 0, "covered_branches": 0, "missing_branches": 4}, "missing_lines": [444, 458, 459, 460, 463, 464, 465, 466], "excluded_lines": [], "executed_branches": [], "missing_branches": [[458, 459], [458, 460], [463, -442], [463, 464]]}, "UltraTCAV._register_hooks.create_hook": {"executed_lines": [], "summary": {"covered_lines": 0, "num_statements": 2, "percent_covered": 0.0, "percent_covered_display": "0", "missing_lines": 2, "excluded_lines": 0, "num_branches": 0, "num_partial_branches": 0, "covered_branches": 0, "missing_branches": 0}, "missing_lines": [445, 455], "excluded_lines": [], "executed_branches": [], "missing_branches": []}, "UltraTCAV._register_hooks.create_hook.hook_fn": {"executed_lines": [], "summary": {"covered_lines": 0, "num_statements": 5, "percent_covered": 0.0, "percent_covered_display": "0", "missing_lines": 5, "excluded_lines": 0, "num_branches": 2, "num_partial_branches": 0, "covered_branches": 0, "missing_branches": 2}, "missing_lines": [447, 449, 450, 451, 453], "excluded_lines": [], "executed_branches": [], "missing_branches": [[447, 449], [447, 453]]}, "UltraTCAV.extract_activations": {"executed_lines": [], "summary": {"covered_lines": 0, "num_statements": 23, "percent_covered": 0.0, "percent_covered_display": "0", "missing_lines": 23, "excluded_lines": 0, "num_branches": 14, "num_partial_branches": 0, "covered_branches": 0, "missing_branches": 14}, "missing_lines": [473, 474, 476, 477, 478, 480, 483, 484, 487, 490, 491, 492, 495, 496, 497, 499, 500, 502, 505, 506, 508, 509, 511], "excluded_lines": [], "executed_branches": [], "missing_branches": [[473, 474], [473, 476], [483, 484], [483, 499], [490, 491], [490, 495], [495, 483], [495, 496], [499, 500], [499, 502], [505, 506], [505, 508], [508, 509], [508, 511]]}, "UltraTCAV._remove_outliers": {"executed_lines": [], "summary": {"covered_lines": 0, "num_statements": 6, "percent_covered": 0.0, "percent_covered_display": "0", "missing_lines": 6, "excluded_lines": 0, "num_branches": 2, "num_partial_branches": 0, "covered_branches": 0, "missing_branches": 2}, "missing_lines": [515, 516, 518, 519, 520, 522], "excluded_lines": [], "executed_branches": [], "missing_branches": [[519, 520], [519, 522]]}, "UltraTCAV._apply_dimensionality_reduction": {"executed_lines": [], "summary": {"covered_lines": 0, "num_statements": 13, "percent_covered": 0.0, "percent_covered_display": "0", "missing_lines": 13, "excluded_lines": 0, "num_branches": 4, "num_partial_branches": 0, "covered_branches": 0, "missing_branches": 4}, "missing_lines": [526, 527, 528, 530, 531, 532, 533, 535, 536, 538, 539, 542, 544], "excluded_lines": [], "executed_branches": [], "missing_branches": [[526, 527], [526, 542], [528, 530], [528, 535]]}, "UltraTCAV.train_ultra_cav": {"executed_lines": [], "summary": {"covered_lines": 0, "num_statements": 17, "percent_covered": 0.0, "percent_covered_display": "0", "missing_lines": 17, "excluded_lines": 0, "num_branches": 2, "num_partial_branches": 0, "covered_branches": 0, "missing_branches": 2}, "missing_lines": [551, 552, 555, 556, 558, 559, 562, 565, 573, 576, 577, 579, 582, 587, 588, 597, 599], "excluded_lines": [], "executed_branches": [], "missing_branches": [[576, 577], [576, 579]]}, "UltraTCAV._optimize_hyperparameters": {"executed_lines": [], "summary": {"covered_lines": 0, "num_statements": 9, "percent_covered": 0.0, "percent_covered_display": "0", "missing_lines": 9, "excluded_lines": 0, "num_branches": 0, "num_partial_branches": 0, "covered_branches": 0, "missing_branches": 0}, "missing_lines": [604, 606, 612, 620, 621, 623, 626, 627, 629], "excluded_lines": [], "executed_branches": [], "missing_branches": []}, "UltraTCAV._train_ensemble": {"executed_lines": [], "summary": {"covered_lines": 0, "num_statements": 16, "percent_covered": 0.0, "percent_covered_display": "0", "missing_lines": 16, "excluded_lines": 0, "num_branches": 2, "num_partial_branches": 0, "covered_branches": 0, "missing_branches": 2}, "missing_lines": [634, 635, 636, 638, 640, 643, 644, 647, 652, 655, 657, 658, 661, 662, 663, 665], "excluded_lines": [], "executed_branches": [], "missing_branches": [[638, 640], [638, 661]]}, "UltraTCAV._comprehensive_validation": {"executed_lines": [], "summary": {"covered_lines": 0, "num_statements": 14, "percent_covered": 0.0, "percent_covered_display": "0", "missing_lines": 14, "excluded_lines": 0, "num_branches": 4, "num_partial_branches": 0, "covered_branches": 0, "missing_branches": 4}, "missing_lines": [675, 677, 678, 681, 692, 693, 694, 697, 698, 699, 701, 702, 703, 709], "excluded_lines": [], "executed_branches": [], "missing_branches": [[697, 698], [697, 709], [701, 702], [701, 709]]}, "UltraTCAV.compute_ultra_tcav_score": {"executed_lines": [], "summary": {"covered_lines": 0, "num_statements": 23, "percent_covered": 0.0, "percent_covered_display": "0", "missing_lines": 23, "excluded_lines": 0, "num_branches": 6, "num_partial_branches": 0, "covered_branches": 0, "missing_branches": 6}, "missing_lines": [719, 720, 722, 724, 725, 727, 728, 729, 730, 733, 734, 737, 742, 745, 747, 749, 752, 753, 755, 758, 761, 765, 773], "excluded_lines": [], "executed_branches": [], "missing_branches": [[719, 720], [719, 722], [724, 725], [724, 727], [747, 749], [747, 755]]}, "UltraTCAV._compute_gradients_batch": {"executed_lines": [], "summary": {"covered_lines": 0, "num_statements": 16, "percent_covered": 0.0, "percent_covered_display": "0", "missing_lines": 16, "excluded_lines": 0, "num_branches": 6, "num_partial_branches": 0, "covered_branches": 0, "missing_branches": 6}, "missing_lines": [782, 783, 785, 786, 789, 790, 793, 796, 797, 800, 801, 802, 803, 806, 807, 809], "excluded_lines": [], "executed_branches": [], "missing_branches": [[789, 790], [789, 809], [800, 801], [800, 806], [802, 803], [802, 806]]}, "UltraTCAV._get_cav_direction": {"executed_lines": [], "summary": {"covered_lines": 0, "num_statements": 3, "percent_covered": 0.0, "percent_covered_display": "0", "missing_lines": 3, "excluded_lines": 0, "num_branches": 2, "num_partial_branches": 0, "covered_branches": 0, "missing_branches": 2}, "missing_lines": [813, 814, 817], "excluded_lines": [], "executed_branches": [], "missing_branches": [[813, 814], [813, 817]]}, "UltraTCAV._advanced_statistical_analysis": {"executed_lines": [], "summary": {"covered_lines": 0, "num_statements": 28, "percent_covered": 0.0, "percent_covered_display": "0", "missing_lines": 28, "excluded_lines": 0, "num_branches": 8, "num_partial_branches": 0, "covered_branches": 0, "missing_branches": 8}, "missing_lines": [825, 826, 829, 830, 831, 834, 835, 836, 839, 840, 842, 843, 845, 853, 854, 855, 857, 858, 859, 862, 863, 864, 865, 867, 869, 873, 875, 882], "excluded_lines": [], "executed_branches": [], "missing_branches": [[835, 836], [835, 842], [857, 858], [857, 873], [862, 863], [862, 864], [864, 865], [864, 867]]}, "UltraTCAV.generate_comprehensive_report": {"executed_lines": [], "summary": {"covered_lines": 0, "num_statements": 24, "percent_covered": 0.0, "percent_covered_display": "0", "missing_lines": 24, "excluded_lines": 0, "num_branches": 12, "num_partial_branches": 0, "covered_branches": 0, "missing_branches": 12}, "missing_lines": [889, 890, 900, 901, 903, 904, 905, 907, 908, 910, 919, 928, 929, 933, 934, 937, 938, 943, 944, 945, 947, 948, 950, 952], "excluded_lines": [], "executed_branches": [], "missing_branches": [[903, 904], [903, 919], [907, 908], [907, 910], [928, 929], [928, 933], [933, 934], [933, 937], [937, 938], [937, 943], [943, 944], [943, 952]]}, "UltraTCAV.cleanup": {"executed_lines": [], "summary": {"covered_lines": 0, "num_statements": 8, "percent_covered": 0.0, "percent_covered_display": "0", "missing_lines": 8, "excluded_lines": 0, "num_branches": 4, "num_partial_branches": 0, "covered_branches": 0, "missing_branches": 4}, "missing_lines": [957, 958, 959, 962, 965, 966, 969, 971], "excluded_lines": [], "executed_branches": [], "missing_branches": [[957, 958], [957, 959], [965, 966], [965, 969]]}, "UltraTCAV.__del__": {"executed_lines": [], "summary": {"covered_lines": 0, "num_statements": 1, "percent_covered": 0.0, "percent_covered_display": "0", "missing_lines": 1, "excluded_lines": 0, "num_branches": 0, "num_partial_branches": 0, "covered_branches": 0, "missing_branches": 0}, "missing_lines": [975], "excluded_lines": [], "executed_branches": [], "missing_branches": []}, "": {"executed_lines": [], "summary": {"covered_lines": 0, "num_statements": 112, "percent_covered": 0.0, "percent_covered_display": "0", "missing_lines": 112, "excluded_lines": 0, "num_branches": 0, "num_partial_branches": 0, "covered_branches": 0, "missing_branches": 0}, "missing_lines": [17, 18, 19, 20, 21, 22, 23, 24, 25, 26, 27, 28, 29, 30, 31, 33, 34, 35, 36, 37, 38, 39, 40, 41, 42, 43, 44, 52, 59, 60, 61, 63, 66, 67, 71, 72, 73, 74, 77, 84, 85, 86, 87, 90, 91, 92, 93, 94, 95, 96, 99, 100, 101, 102, 103, 104, 107, 108, 109, 110, 111, 112, 113, 116, 117, 118, 119, 122, 123, 124, 125, 126, 129, 130, 131, 133, 145, 148, 172, 173, 181, 189, 206, 223, 273, 276, 294, 322, 344, 347, 364, 374, 382, 385, 413, 425, 442, 468, 469, 513, 524, 546, 601, 631, 672, 711, 775, 811, 819, 884, 954, 973], "excluded_lines": [], "executed_branches": [], "missing_branches": []}}, "classes": {"UltraTCAVConfig": {"executed_lines": [], "summary": {"covered_lines": 0, "num_statements": 6, "percent_covered": 0.0, "percent_covered_display": "0", "missing_lines": 6, "excluded_lines": 0, "num_branches": 6, "num_partial_branches": 0, "covered_branches": 0, "missing_branches": 6}, "missing_lines": [135, 136, 139, 140, 141, 142], "excluded_lines": [], "executed_branches": [], "missing_branches": [[135, 136], [135, 139], [139, -133], [139, 140], [141, -133], [141, 142]]}, "UltraPerformanceMonitor": {"executed_lines": [], "summary": {"covered_lines": 0, "num_statements": 52, "percent_covered": 0.0, "percent_covered_display": "0", "missing_lines": 52, "excluded_lines": 0, "num_branches": 24, "num_partial_branches": 0, "covered_branches": 0, "missing_branches": 24}, "missing_lines": [149, 150, 151, 152, 153, 154, 157, 158, 166, 169, 170, 175, 176, 177, 179, 183, 184, 185, 186, 187, 191, 192, 193, 195, 196, 197, 200, 202, 203, 204, 209, 210, 213, 214, 215, 216, 217, 220, 221, 225, 234, 235, 236, 249, 250, 256, 257, 264, 265, 267, 268, 270], "excluded_lines": [], "executed_branches": [], "missing_branches": [[185, -181], [185, 186], [191, -189], [191, 192], [195, 196], [195, 200], [203, -189], [203, 204], [213, -206], [213, 214], [220, -206], [220, 221], [234, 235], [234, 249], [235, 234], [235, 236], [249, 250], [249, 256], [256, 257], [256, 264], [264, 265], [264, 267], [267, 268], [267, 270]]}, "AdvancedConceptDataset": {"executed_lines": [], "summary": {"covered_lines": 0, "num_statements": 56, "percent_covered": 0.0, "percent_covered_display": "0", "missing_lines": 56, "excluded_lines": 0, "num_branches": 28, "num_partial_branches": 0, "covered_branches": 0, "missing_branches": 28}, "missing_lines": [281, 282, 283, 284, 285, 287, 288, 289, 291, 292, 296, 297, 299, 300, 303, 304, 307, 309, 310, 311, 313, 315, 316, 319, 320, 324, 325, 328, 329, 330, 333, 334, 335, 336, 339, 340, 341, 342, 345, 348, 351, 352, 355, 356, 359, 360, 362, 367, 368, 369, 370, 372, 376, 377, 378, 379], "excluded_lines": [], "executed_branches": [], "missing_branches": [[291, -276], [291, 292], [303, 304], [303, 319], [307, 309], [307, 313], [315, 303], [315, 316], [324, 325], [324, 328], [329, 330], [329, 333], [335, 336], [335, 339], [339, -322], [339, 340], [340, 339], [340, 341], [351, 352], [351, 355], [355, 356], [355, 359], [359, 360], [359, 362], [367, 368], [367, 372], [377, 378], [377, 379]]}, "UltraTCAV": {"executed_lines": [], "summary": {"covered_lines": 0, "num_statements": 246, "percent_covered": 0.0, "percent_covered_display": "0", "missing_lines": 246, "excluded_lines": 0, "num_branches": 78, "num_partial_branches": 0, "covered_branches": 0, "missing_branches": 78}, "missing_lines": [387, 388, 391, 392, 393, 394, 395, 398, 402, 403, 406, 407, 410, 411, 415, 416, 417, 418, 419, 422, 423, 427, 428, 429, 431, 432, 434, 437, 438, 440, 444, 445, 447, 449, 450, 451, 453, 455, 458, 459, 460, 463, 464, 465, 466, 473, 474, 476, 477, 478, 480, 483, 484, 487, 490, 491, 492, 495, 496, 497, 499, 500, 502, 505, 506, 508, 509, 511, 515, 516, 518, 519, 520, 522, 526, 527, 528, 530, 531, 532, 533, 535, 536, 538, 539, 542, 544, 551, 552, 555, 556, 558, 559, 562, 565, 573, 576, 577, 579, 582, 587, 588, 597, 599, 604, 606, 612, 620, 621, 623, 626, 627, 629, 634, 635, 636, 638, 640, 643, 644, 647, 652, 655, 657, 658, 661, 662, 663, 665, 675, 677, 678, 681, 692, 693, 694, 697, 698, 699, 701, 702, 703, 709, 719, 720, 722, 724, 725, 727, 728, 729, 730, 733, 734, 737, 742, 745, 747, 749, 752, 753, 755, 758, 761, 765, 773, 782, 783, 785, 786, 789, 790, 793, 796, 797, 800, 801, 802, 803, 806, 807, 809, 813, 814, 817, 825, 826, 829, 830, 831, 834, 835, 836, 839, 840, 842, 843, 845, 853, 854, 855, 857, 858, 859, 862, 863, 864, 865, 867, 869, 873, 875, 882, 889, 890, 900, 901, 903, 904, 905, 907, 908, 910, 919, 928, 929, 933, 934, 937, 938, 943, 944, 945, 947, 948, 950, 952, 957, 958, 959, 962, 965, 966, 969, 971, 975], "excluded_lines": [], "executed_branches": [], "missing_branches": [[410, -385], [410, 411], [417, 418], [417, 422], [431, 432], [431, 434], [447, 449], [447, 453], [458, 459], [458, 460], [463, -442], [463, 464], [473, 474], [473, 476], [483, 484], [483, 499], [490, 491], [490, 495], [495, 483], [495, 496], [499, 500], [499, 502], [505, 506], [505, 508], [508, 509], [508, 511], [519, 520], [519, 522], [526, 527], [526, 542], [528, 530], [528, 535], [576, 577], [576, 579], [638, 640], [638, 661], [697, 698], [697, 709], [701, 702], [701, 709], [719, 720], [719, 722], [724, 725], [724, 727], [747, 749], [747, 755], [789, 790], [789, 809], [800, 801], [800, 806], [802, 803], [802, 806], [813, 814], [813, 817], [835, 836], [835, 842], [857, 858], [857, 873], [862, 863], [862, 864], [864, 865], [864, 867], [903, 904], [903, 919], [907, 908], [907, 910], [928, 929], [928, 933], [933, 934], [933, 937], [937, 938], [937, 943], [943, 944], [943, 952], [957, 958], [957, 959], [965, 966], [965, 969]]}, "": {"executed_lines": [], "summary": {"covered_lines": 0, "num_statements": 112, "percent_covered": 0.0, "percent_covered_display": "0", "missing_lines": 112, "excluded_lines": 0, "num_branches": 0, "num_partial_branches": 0, "covered_branches": 0, "missing_branches": 0}, "missing_lines": [17, 18, 19, 20, 21, 22, 23, 24, 25, 26, 27, 28, 29, 30, 31, 33, 34, 35, 36, 37, 38, 39, 40, 41, 42, 43, 44, 52, 59, 60, 61, 63, 66, 67, 71, 72, 73, 74, 77, 84, 85, 86, 87, 90, 91, 92, 93, 94, 95, 96, 99, 100, 101, 102, 103, 104, 107, 108, 109, 110, 111, 112, 113, 116, 117, 118, 119, 122, 123, 124, 125, 126, 129, 130, 131, 133, 145, 148, 172, 173, 181, 189, 206, 223, 273, 276, 294, 322, 344, 347, 364, 374, 382, 385, 413, 425, 442, 468, 469, 513, 524, 546, 601, 631, 672, 711, 775, 811, 819, 884, 954, 973], "excluded_lines": [], "executed_branches": [], "missing_branches": []}}}}, "totals": {"covered_lines": 715, "num_statements": 13123, "percent_covered": 4.275409066916897, "percent_covered_display": "4", "missing_lines": 12408, "excluded_lines": 101, "num_branches": 3928, "num_partial_branches": 0, "covered_branches": 14, "missing_branches": 3914}}